2018-09-15 14:40:15,533 [Worker-8] INFO  o.e.m.c.i.l.LifecycleMappingFactory - Using org.eclipse.m2e.jdt.JarLifecycleMapping lifecycle mapping for MavenProject: com.example.microservices:limits-service:0.0.1-SNAPSHOT @ D:\microServices\limits-service\pom.xml.
2018-09-15 14:40:17,810 [Worker-8] INFO  o.e.m.c.i.l.LifecycleMappingFactory - Using org.eclipse.m2e.jdt.JarLifecycleMapping lifecycle mapping for MavenProject: com.example.microservices:spring-cloud-config-server:0.0.1-SNAPSHOT @ D:\microServices\spring-cloud-config-server\pom.xml.
2018-09-15 14:40:22,599 [Worker-8] INFO  o.e.m.j.i.AbstractJavaProjectConfigurator - Adding source folder /limits-service/src/main/java
2018-09-15 14:40:22,600 [Worker-8] INFO  o.e.m.j.i.AbstractJavaProjectConfigurator - Adding resource folder /limits-service/src/main/resources
2018-09-15 14:40:22,622 [Worker-8] INFO  o.e.m.j.i.AbstractJavaProjectConfigurator - Adding resource folder /limits-service/src/main/resources
2018-09-15 14:40:22,623 [Worker-8] INFO  o.e.m.j.i.AbstractJavaProjectConfigurator - Adding source folder /limits-service/src/test/java
2018-09-15 14:40:24,020 [Worker-8] INFO  o.e.m.j.i.AbstractJavaProjectConfigurator - Adding source folder /spring-cloud-config-server/src/main/java
2018-09-15 14:40:24,021 [Worker-8] INFO  o.e.m.j.i.AbstractJavaProjectConfigurator - Adding resource folder /spring-cloud-config-server/src/main/resources
2018-09-15 14:40:24,022 [Worker-8] INFO  o.e.m.j.i.AbstractJavaProjectConfigurator - Adding resource folder /spring-cloud-config-server/src/main/resources
2018-09-15 14:40:24,022 [Worker-8] INFO  o.e.m.j.i.AbstractJavaProjectConfigurator - Adding source folder /spring-cloud-config-server/src/test/java
2018-09-15 14:40:24,368 [Worker-8] INFO  o.e.m.c.i.p.ProjectConfigurationManager - Imported and configured 2 project(s) in 12 sec
2018-09-15 14:40:29,574 [Worker-8] INFO  o.e.m.c.i.embedder.EclipseLogger - Using 'UTF-8' encoding to copy filtered resources.
2018-09-15 14:40:29,575 [Worker-8] INFO  o.e.m.c.i.embedder.EclipseLogger - Copying 0 resource
2018-09-15 14:40:29,575 [Worker-8] INFO  o.e.m.c.i.embedder.EclipseLogger - Copying 1 resource
2018-09-15 14:40:29,600 [Worker-8] INFO  o.e.m.c.i.embedder.EclipseLogger - Using 'UTF-8' encoding to copy filtered resources.
2018-09-15 14:40:29,600 [Worker-8] INFO  o.e.m.c.i.embedder.EclipseLogger - skip non existing resourceDirectory D:\microServices\limits-service\src\test\resources
2018-09-15 14:40:33,819 [Worker-8] INFO  o.e.m.c.i.embedder.EclipseLogger - Using 'UTF-8' encoding to copy filtered resources.
2018-09-15 14:40:33,823 [Worker-8] INFO  o.e.m.c.i.embedder.EclipseLogger - Copying 1 resource
2018-09-15 14:40:33,844 [Worker-8] INFO  o.e.m.c.i.embedder.EclipseLogger - Copying 0 resource
2018-09-15 14:40:33,847 [Worker-8] INFO  o.e.m.c.i.embedder.EclipseLogger - Using 'UTF-8' encoding to copy filtered resources.
2018-09-15 14:40:33,849 [Worker-8] INFO  o.e.m.c.i.embedder.EclipseLogger - skip non existing resourceDirectory D:\microServices\spring-cloud-config-server\src\test\resources
2018-09-15 14:43:23,404 [Worker-6] INFO  o.e.m.c.i.embedder.EclipseLogger - Using 'UTF-8' encoding to copy filtered resources.
2018-09-15 14:43:23,407 [Worker-6] INFO  o.e.m.c.i.embedder.EclipseLogger - Copying 0 resource
2018-09-15 14:43:23,410 [Worker-6] INFO  o.e.m.c.i.embedder.EclipseLogger - Copying 1 resource
2018-09-15 14:43:23,414 [Worker-6] INFO  o.e.m.c.i.embedder.EclipseLogger - Using 'UTF-8' encoding to copy filtered resources.
2018-09-15 14:43:23,414 [Worker-6] INFO  o.e.m.c.i.embedder.EclipseLogger - skip non existing resourceDirectory D:\microServices\limits-service\src\test\resources
2018-09-15 14:43:24,999 [Worker-1] INFO  o.e.m.c.i.embedder.EclipseLogger - Using 'UTF-8' encoding to copy filtered resources.
2018-09-15 14:43:24,999 [Worker-1] INFO  o.e.m.c.i.embedder.EclipseLogger - Copying 0 resource
2018-09-15 14:43:24,999 [Worker-1] INFO  o.e.m.c.i.embedder.EclipseLogger - Copying 0 resource
2018-09-15 14:43:24,999 [Worker-1] INFO  o.e.m.c.i.embedder.EclipseLogger - Using 'UTF-8' encoding to copy filtered resources.
2018-09-15 14:43:24,999 [Worker-1] INFO  o.e.m.c.i.embedder.EclipseLogger - skip non existing resourceDirectory D:\microServices\limits-service\src\test\resources
2018-09-15 14:43:54,021 [Worker-6] INFO  o.e.m.c.i.embedder.EclipseLogger - Using 'UTF-8' encoding to copy filtered resources.
2018-09-15 14:43:54,021 [Worker-6] INFO  o.e.m.c.i.embedder.EclipseLogger - Copying 0 resource
2018-09-15 14:43:54,021 [Worker-6] INFO  o.e.m.c.i.embedder.EclipseLogger - Copying 1 resource
2018-09-15 14:43:54,026 [Worker-6] INFO  o.e.m.c.i.embedder.EclipseLogger - Using 'UTF-8' encoding to copy filtered resources.
2018-09-15 14:43:54,026 [Worker-6] INFO  o.e.m.c.i.embedder.EclipseLogger - skip non existing resourceDirectory D:\microServices\limits-service\src\test\resources
2018-09-16 22:45:38,823 [Worker-24] INFO  o.e.m.c.i.embedder.EclipseLogger - Using 'UTF-8' encoding to copy filtered resources.
2018-09-16 22:45:38,839 [Worker-24] INFO  o.e.m.c.i.embedder.EclipseLogger - Copying 1 resource
2018-09-16 22:45:38,852 [Worker-24] INFO  o.e.m.c.i.embedder.EclipseLogger - Copying 0 resource
2018-09-16 22:45:38,855 [Worker-24] INFO  o.e.m.c.i.embedder.EclipseLogger - Using 'UTF-8' encoding to copy filtered resources.
2018-09-16 22:45:38,855 [Worker-24] INFO  o.e.m.c.i.embedder.EclipseLogger - skip non existing resourceDirectory D:\microServices\spring-cloud-config-server\src\test\resources
2018-09-16 22:45:41,977 [Worker-26] INFO  o.e.m.c.i.embedder.EclipseLogger - Using 'UTF-8' encoding to copy filtered resources.
2018-09-16 22:45:41,978 [Worker-26] INFO  o.e.m.c.i.embedder.EclipseLogger - Copying 0 resource
2018-09-16 22:45:41,978 [Worker-26] INFO  o.e.m.c.i.embedder.EclipseLogger - Copying 0 resource
2018-09-16 22:45:41,981 [Worker-26] INFO  o.e.m.c.i.embedder.EclipseLogger - Using 'UTF-8' encoding to copy filtered resources.
2018-09-16 22:45:41,981 [Worker-26] INFO  o.e.m.c.i.embedder.EclipseLogger - skip non existing resourceDirectory D:\microServices\spring-cloud-config-server\src\test\resources
2018-09-16 23:13:32,511 [Worker-38] INFO  o.e.m.c.i.embedder.EclipseLogger - Using 'UTF-8' encoding to copy filtered resources.
2018-09-16 23:13:32,512 [Worker-38] INFO  o.e.m.c.i.embedder.EclipseLogger - Copying 0 resource
2018-09-16 23:13:32,513 [Worker-38] INFO  o.e.m.c.i.embedder.EclipseLogger - Copying 1 resource
2018-09-16 23:13:32,529 [Worker-38] INFO  o.e.m.c.i.embedder.EclipseLogger - Using 'UTF-8' encoding to copy filtered resources.
2018-09-16 23:13:32,529 [Worker-38] INFO  o.e.m.c.i.embedder.EclipseLogger - skip non existing resourceDirectory D:\microServices\limits-service\src\test\resources
2018-09-16 23:19:48,534 [Worker-38] INFO  o.e.m.c.i.embedder.EclipseLogger - Using 'UTF-8' encoding to copy filtered resources.
2018-09-16 23:19:48,535 [Worker-38] INFO  o.e.m.c.i.embedder.EclipseLogger - Copying 0 resource
2018-09-16 23:19:48,535 [Worker-38] INFO  o.e.m.c.i.embedder.EclipseLogger - Copying 1 resource
2018-09-16 23:19:48,538 [Worker-38] INFO  o.e.m.c.i.embedder.EclipseLogger - Using 'UTF-8' encoding to copy filtered resources.
2018-09-16 23:19:48,538 [Worker-38] INFO  o.e.m.c.i.embedder.EclipseLogger - skip non existing resourceDirectory D:\microServices\limits-service\src\test\resources
2018-09-16 23:20:06,472 [Worker-40] INFO  o.e.m.c.i.embedder.EclipseLogger - Using 'UTF-8' encoding to copy filtered resources.
2018-09-16 23:20:06,474 [Worker-40] INFO  o.e.m.c.i.embedder.EclipseLogger - Copying 0 resource
2018-09-16 23:20:06,475 [Worker-40] INFO  o.e.m.c.i.embedder.EclipseLogger - Copying 1 resource
2018-09-16 23:20:06,483 [Worker-40] INFO  o.e.m.c.i.embedder.EclipseLogger - Using 'UTF-8' encoding to copy filtered resources.
2018-09-16 23:20:06,483 [Worker-40] INFO  o.e.m.c.i.embedder.EclipseLogger - skip non existing resourceDirectory D:\microServices\limits-service\src\test\resources
2018-09-16 23:21:31,937 [Worker-39] INFO  o.e.m.c.i.embedder.EclipseLogger - Using 'UTF-8' encoding to copy filtered resources.
2018-09-16 23:21:31,938 [Worker-39] INFO  o.e.m.c.i.embedder.EclipseLogger - Copying 0 resource
2018-09-16 23:21:31,938 [Worker-39] INFO  o.e.m.c.i.embedder.EclipseLogger - Copying 1 resource
2018-09-16 23:21:31,950 [Worker-39] INFO  o.e.m.c.i.embedder.EclipseLogger - Using 'UTF-8' encoding to copy filtered resources.
2018-09-16 23:21:31,952 [Worker-39] INFO  o.e.m.c.i.embedder.EclipseLogger - skip non existing resourceDirectory D:\microServices\limits-service\src\test\resources
2018-09-16 23:22:12,580 [Worker-42] INFO  o.e.m.c.i.embedder.EclipseLogger - Using 'UTF-8' encoding to copy filtered resources.
2018-09-16 23:22:12,581 [Worker-42] INFO  o.e.m.c.i.embedder.EclipseLogger - Copying 0 resource
2018-09-16 23:22:12,584 [Worker-42] INFO  o.e.m.c.i.embedder.EclipseLogger - Copying 1 resource
2018-09-16 23:22:12,596 [Worker-42] INFO  o.e.m.c.i.embedder.EclipseLogger - Using 'UTF-8' encoding to copy filtered resources.
2018-09-16 23:22:12,596 [Worker-42] INFO  o.e.m.c.i.embedder.EclipseLogger - skip non existing resourceDirectory D:\microServices\limits-service\src\test\resources
2018-09-16 23:24:05,338 [Worker-29] INFO  o.e.m.c.i.embedder.EclipseLogger - Using 'UTF-8' encoding to copy filtered resources.
2018-09-16 23:24:05,339 [Worker-29] INFO  o.e.m.c.i.embedder.EclipseLogger - Copying 0 resource
2018-09-16 23:24:05,339 [Worker-29] INFO  o.e.m.c.i.embedder.EclipseLogger - Copying 1 resource
2018-09-16 23:24:05,346 [Worker-29] INFO  o.e.m.c.i.embedder.EclipseLogger - Using 'UTF-8' encoding to copy filtered resources.
2018-09-16 23:24:05,347 [Worker-29] INFO  o.e.m.c.i.embedder.EclipseLogger - skip non existing resourceDirectory D:\microServices\limits-service\src\test\resources
2018-09-16 23:24:27,853 [Worker-29] INFO  o.e.m.c.i.embedder.EclipseLogger - Using 'UTF-8' encoding to copy filtered resources.
2018-09-16 23:24:27,853 [Worker-29] INFO  o.e.m.c.i.embedder.EclipseLogger - Copying 0 resource
2018-09-16 23:24:27,854 [Worker-29] INFO  o.e.m.c.i.embedder.EclipseLogger - Copying 1 resource
2018-09-16 23:24:27,855 [Worker-29] INFO  o.e.m.c.i.embedder.EclipseLogger - Using 'UTF-8' encoding to copy filtered resources.
2018-09-16 23:24:27,855 [Worker-29] INFO  o.e.m.c.i.embedder.EclipseLogger - skip non existing resourceDirectory D:\microServices\limits-service\src\test\resources
2018-09-16 23:24:59,798 [Worker-41] INFO  o.e.m.c.i.embedder.EclipseLogger - Using 'UTF-8' encoding to copy filtered resources.
2018-09-16 23:24:59,798 [Worker-41] INFO  o.e.m.c.i.embedder.EclipseLogger - Copying 0 resource
2018-09-16 23:24:59,798 [Worker-41] INFO  o.e.m.c.i.embedder.EclipseLogger - Copying 1 resource
2018-09-16 23:24:59,802 [Worker-41] INFO  o.e.m.c.i.embedder.EclipseLogger - Using 'UTF-8' encoding to copy filtered resources.
2018-09-16 23:24:59,802 [Worker-41] INFO  o.e.m.c.i.embedder.EclipseLogger - skip non existing resourceDirectory D:\microServices\limits-service\src\test\resources
2018-09-16 23:25:29,091 [Worker-38] INFO  o.e.m.c.i.embedder.EclipseLogger - Using 'UTF-8' encoding to copy filtered resources.
2018-09-16 23:25:29,091 [Worker-38] INFO  o.e.m.c.i.embedder.EclipseLogger - Copying 0 resource
2018-09-16 23:25:29,095 [Worker-38] INFO  o.e.m.c.i.embedder.EclipseLogger - Copying 1 resource
2018-09-16 23:25:29,099 [Worker-38] INFO  o.e.m.c.i.embedder.EclipseLogger - Using 'UTF-8' encoding to copy filtered resources.
2018-09-16 23:25:29,099 [Worker-38] INFO  o.e.m.c.i.embedder.EclipseLogger - skip non existing resourceDirectory D:\microServices\limits-service\src\test\resources
2018-09-16 23:26:13,577 [Worker-38] INFO  o.e.m.c.i.embedder.EclipseLogger - Using 'UTF-8' encoding to copy filtered resources.
2018-09-16 23:26:13,578 [Worker-38] INFO  o.e.m.c.i.embedder.EclipseLogger - Copying 1 resource
2018-09-16 23:26:13,583 [Worker-38] INFO  o.e.m.c.i.embedder.EclipseLogger - Copying 0 resource
2018-09-16 23:26:13,587 [Worker-38] INFO  o.e.m.c.i.embedder.EclipseLogger - Using 'UTF-8' encoding to copy filtered resources.
2018-09-16 23:26:13,588 [Worker-38] INFO  o.e.m.c.i.embedder.EclipseLogger - skip non existing resourceDirectory D:\microServices\spring-cloud-config-server\src\test\resources
2018-09-16 23:26:20,717 [Worker-29] INFO  o.e.m.c.i.embedder.EclipseLogger - Using 'UTF-8' encoding to copy filtered resources.
2018-09-16 23:26:20,717 [Worker-29] INFO  o.e.m.c.i.embedder.EclipseLogger - Copying 1 resource
2018-09-16 23:26:20,717 [Worker-29] INFO  o.e.m.c.i.embedder.EclipseLogger - Copying 0 resource
2018-09-16 23:26:20,721 [Worker-29] INFO  o.e.m.c.i.embedder.EclipseLogger - Using 'UTF-8' encoding to copy filtered resources.
2018-09-16 23:26:20,721 [Worker-29] INFO  o.e.m.c.i.embedder.EclipseLogger - skip non existing resourceDirectory D:\microServices\spring-cloud-config-server\src\test\resources
2018-09-16 23:28:57,173 [Worker-42] INFO  o.e.m.c.i.embedder.EclipseLogger - Using 'UTF-8' encoding to copy filtered resources.
2018-09-16 23:28:57,174 [Worker-42] INFO  o.e.m.c.i.embedder.EclipseLogger - Copying 0 resource
2018-09-16 23:28:57,174 [Worker-42] INFO  o.e.m.c.i.embedder.EclipseLogger - Copying 1 resource
2018-09-16 23:28:57,177 [Worker-42] INFO  o.e.m.c.i.embedder.EclipseLogger - Using 'UTF-8' encoding to copy filtered resources.
2018-09-16 23:28:57,177 [Worker-42] INFO  o.e.m.c.i.embedder.EclipseLogger - skip non existing resourceDirectory D:\microServices\limits-service\src\test\resources
2018-09-16 23:29:22,960 [Worker-29] INFO  o.e.m.c.i.embedder.EclipseLogger - Using 'UTF-8' encoding to copy filtered resources.
2018-09-16 23:29:22,960 [Worker-29] INFO  o.e.m.c.i.embedder.EclipseLogger - Copying 0 resource
2018-09-16 23:29:22,960 [Worker-29] INFO  o.e.m.c.i.embedder.EclipseLogger - Copying 1 resource
2018-09-16 23:29:22,968 [Worker-29] INFO  o.e.m.c.i.embedder.EclipseLogger - Using 'UTF-8' encoding to copy filtered resources.
2018-09-16 23:29:22,972 [Worker-29] INFO  o.e.m.c.i.embedder.EclipseLogger - skip non existing resourceDirectory D:\microServices\limits-service\src\test\resources
2018-09-16 23:29:37,318 [Worker-42] INFO  o.e.m.c.i.embedder.EclipseLogger - Using 'UTF-8' encoding to copy filtered resources.
2018-09-16 23:29:37,318 [Worker-42] INFO  o.e.m.c.i.embedder.EclipseLogger - Copying 0 resource
2018-09-16 23:29:37,319 [Worker-42] INFO  o.e.m.c.i.embedder.EclipseLogger - Copying 1 resource
2018-09-16 23:29:37,319 [Worker-42] INFO  o.e.m.c.i.embedder.EclipseLogger - Using 'UTF-8' encoding to copy filtered resources.
2018-09-16 23:29:37,319 [Worker-42] INFO  o.e.m.c.i.embedder.EclipseLogger - skip non existing resourceDirectory D:\microServices\limits-service\src\test\resources
2018-09-16 23:31:41,651 [Worker-42] INFO  o.e.m.c.i.embedder.EclipseLogger - Using 'UTF-8' encoding to copy filtered resources.
2018-09-16 23:31:41,653 [Worker-42] INFO  o.e.m.c.i.embedder.EclipseLogger - Copying 1 resource
2018-09-16 23:31:41,654 [Worker-42] INFO  o.e.m.c.i.embedder.EclipseLogger - Copying 0 resource
2018-09-16 23:31:41,658 [Worker-42] INFO  o.e.m.c.i.embedder.EclipseLogger - Using 'UTF-8' encoding to copy filtered resources.
2018-09-16 23:31:41,658 [Worker-42] INFO  o.e.m.c.i.embedder.EclipseLogger - skip non existing resourceDirectory D:\microServices\spring-cloud-config-server\src\test\resources
2018-09-16 23:32:19,589 [Worker-40] INFO  o.e.m.c.i.embedder.EclipseLogger - Using 'UTF-8' encoding to copy filtered resources.
2018-09-16 23:32:19,589 [Worker-40] INFO  o.e.m.c.i.embedder.EclipseLogger - Copying 1 resource
2018-09-16 23:32:19,589 [Worker-40] INFO  o.e.m.c.i.embedder.EclipseLogger - Copying 0 resource
2018-09-16 23:32:19,594 [Worker-40] INFO  o.e.m.c.i.embedder.EclipseLogger - Using 'UTF-8' encoding to copy filtered resources.
2018-09-16 23:32:19,594 [Worker-40] INFO  o.e.m.c.i.embedder.EclipseLogger - skip non existing resourceDirectory D:\microServices\spring-cloud-config-server\src\test\resources
2018-09-16 23:32:26,189 [Worker-35] INFO  o.e.m.c.i.embedder.EclipseLogger - Using 'UTF-8' encoding to copy filtered resources.
2018-09-16 23:32:26,191 [Worker-35] INFO  o.e.m.c.i.embedder.EclipseLogger - Copying 1 resource
2018-09-16 23:32:26,192 [Worker-35] INFO  o.e.m.c.i.embedder.EclipseLogger - Copying 0 resource
2018-09-16 23:32:26,196 [Worker-35] INFO  o.e.m.c.i.embedder.EclipseLogger - Using 'UTF-8' encoding to copy filtered resources.
2018-09-16 23:32:26,196 [Worker-35] INFO  o.e.m.c.i.embedder.EclipseLogger - skip non existing resourceDirectory D:\microServices\spring-cloud-config-server\src\test\resources
2018-09-16 23:32:33,018 [Worker-42] INFO  o.e.m.c.i.embedder.EclipseLogger - Using 'UTF-8' encoding to copy filtered resources.
2018-09-16 23:32:33,018 [Worker-42] INFO  o.e.m.c.i.embedder.EclipseLogger - Copying 1 resource
2018-09-16 23:32:33,022 [Worker-42] INFO  o.e.m.c.i.embedder.EclipseLogger - Copying 0 resource
2018-09-16 23:32:33,027 [Worker-42] INFO  o.e.m.c.i.embedder.EclipseLogger - Using 'UTF-8' encoding to copy filtered resources.
2018-09-16 23:32:33,027 [Worker-42] INFO  o.e.m.c.i.embedder.EclipseLogger - skip non existing resourceDirectory D:\microServices\spring-cloud-config-server\src\test\resources
2018-09-16 23:36:28,162 [Worker-35] INFO  o.e.m.c.i.embedder.EclipseLogger - Using 'UTF-8' encoding to copy filtered resources.
2018-09-16 23:36:28,163 [Worker-35] INFO  o.e.m.c.i.embedder.EclipseLogger - Copying 1 resource
2018-09-16 23:36:28,168 [Worker-35] INFO  o.e.m.c.i.embedder.EclipseLogger - Copying 0 resource
2018-09-16 23:36:28,171 [Worker-35] INFO  o.e.m.c.i.embedder.EclipseLogger - Using 'UTF-8' encoding to copy filtered resources.
2018-09-16 23:36:28,172 [Worker-35] INFO  o.e.m.c.i.embedder.EclipseLogger - skip non existing resourceDirectory D:\microServices\spring-cloud-config-server\src\test\resources
2018-09-16 23:40:36,228 [Worker-47] INFO  o.e.m.c.i.embedder.EclipseLogger - Using 'UTF-8' encoding to copy filtered resources.
2018-09-16 23:40:36,228 [Worker-47] INFO  o.e.m.c.i.embedder.EclipseLogger - Copying 0 resource
2018-09-16 23:40:36,228 [Worker-47] INFO  o.e.m.c.i.embedder.EclipseLogger - Copying 1 resource
2018-09-16 23:40:36,235 [Worker-47] INFO  o.e.m.c.i.embedder.EclipseLogger - Using 'UTF-8' encoding to copy filtered resources.
2018-09-16 23:40:36,237 [Worker-47] INFO  o.e.m.c.i.embedder.EclipseLogger - skip non existing resourceDirectory D:\microServices\limits-service\src\test\resources
2018-09-16 23:41:07,267 [Worker-29] INFO  o.e.m.c.i.embedder.EclipseLogger - Using 'UTF-8' encoding to copy filtered resources.
2018-09-16 23:41:07,267 [Worker-29] INFO  o.e.m.c.i.embedder.EclipseLogger - Copying 0 resource
2018-09-16 23:41:07,267 [Worker-29] INFO  o.e.m.c.i.embedder.EclipseLogger - Copying 1 resource
2018-09-16 23:41:07,270 [Worker-29] INFO  o.e.m.c.i.embedder.EclipseLogger - Using 'UTF-8' encoding to copy filtered resources.
2018-09-16 23:41:07,270 [Worker-29] INFO  o.e.m.c.i.embedder.EclipseLogger - skip non existing resourceDirectory D:\microServices\limits-service\src\test\resources
2018-09-17 22:43:00,590 [Worker-1] INFO  o.e.m.c.i.embedder.EclipseLogger - Using 'UTF-8' encoding to copy filtered resources.
2018-09-17 22:43:00,653 [Worker-1] INFO  o.e.m.c.i.embedder.EclipseLogger - Copying 0 resource
2018-09-17 22:43:00,653 [Worker-1] INFO  o.e.m.c.i.embedder.EclipseLogger - Copying 1 resource
2018-09-17 22:43:00,653 [Worker-1] INFO  o.e.m.c.i.embedder.EclipseLogger - Using 'UTF-8' encoding to copy filtered resources.
2018-09-17 22:43:00,653 [Worker-1] INFO  o.e.m.c.i.embedder.EclipseLogger - skip non existing resourceDirectory D:\microServices\limits-service\src\test\resources
2018-09-17 22:43:09,380 [Worker-2] INFO  o.e.m.c.i.embedder.EclipseLogger - Using 'UTF-8' encoding to copy filtered resources.
2018-09-17 22:43:09,381 [Worker-2] INFO  o.e.m.c.i.embedder.EclipseLogger - Copying 1 resource
2018-09-17 22:43:09,391 [Worker-2] INFO  o.e.m.c.i.embedder.EclipseLogger - Copying 0 resource
2018-09-17 22:43:09,398 [Worker-2] INFO  o.e.m.c.i.embedder.EclipseLogger - Using 'UTF-8' encoding to copy filtered resources.
2018-09-17 22:43:09,398 [Worker-2] INFO  o.e.m.c.i.embedder.EclipseLogger - skip non existing resourceDirectory D:\microServices\spring-cloud-config-server\src\test\resources
2018-09-17 22:51:14,168 [Worker-11] INFO  o.e.m.c.i.e.AbstractTransferListenerAdapter - Downloading https://repo.maven.apache.org/maven2/org/springframework/boot/spring-boot-starter-parent/2.0.5.RELEASE/spring-boot-starter-parent-2.0.5.RELEASE.pom
2018-09-17 22:51:14,467 [Worker-11] INFO  o.e.m.c.i.e.AbstractTransferListenerAdapter - Downloaded https://repo.maven.apache.org/maven2/org/springframework/boot/spring-boot-starter-parent/2.0.5.RELEASE/spring-boot-starter-parent-2.0.5.RELEASE.pom
2018-09-17 22:51:14,778 [Worker-11] INFO  o.e.m.c.i.e.AbstractTransferListenerAdapter - Downloading https://repo.maven.apache.org/maven2/org/springframework/boot/spring-boot-dependencies/2.0.5.RELEASE/spring-boot-dependencies-2.0.5.RELEASE.pom
2018-09-17 22:51:17,777 [Worker-11] INFO  o.e.m.c.i.e.AbstractTransferListenerAdapter - Downloaded https://repo.maven.apache.org/maven2/org/springframework/boot/spring-boot-dependencies/2.0.5.RELEASE/spring-boot-dependencies-2.0.5.RELEASE.pom
2018-09-17 22:51:18,542 [Worker-11] INFO  o.e.m.c.i.e.AbstractTransferListenerAdapter - Downloading https://repo.maven.apache.org/maven2/io/netty/netty-bom/4.1.29.Final/netty-bom-4.1.29.Final.pom
2018-09-17 22:51:18,863 [Worker-11] INFO  o.e.m.c.i.e.AbstractTransferListenerAdapter - Downloaded https://repo.maven.apache.org/maven2/io/netty/netty-bom/4.1.29.Final/netty-bom-4.1.29.Final.pom
2018-09-17 22:51:19,131 [Worker-11] INFO  o.e.m.c.i.e.AbstractTransferListenerAdapter - Downloading https://repo.maven.apache.org/maven2/io/projectreactor/reactor-bom/Bismuth-SR11/reactor-bom-Bismuth-SR11.pom
2018-09-17 22:51:19,393 [Worker-11] INFO  o.e.m.c.i.e.AbstractTransferListenerAdapter - Downloaded https://repo.maven.apache.org/maven2/io/projectreactor/reactor-bom/Bismuth-SR11/reactor-bom-Bismuth-SR11.pom
2018-09-17 22:51:19,747 [Worker-11] INFO  o.e.m.c.i.e.AbstractTransferListenerAdapter - Downloading https://repo.maven.apache.org/maven2/org/eclipse/jetty/jetty-bom/9.4.12.v20180830/jetty-bom-9.4.12.v20180830.pom
2018-09-17 22:51:20,270 [Worker-11] INFO  o.e.m.c.i.e.AbstractTransferListenerAdapter - Downloaded https://repo.maven.apache.org/maven2/org/eclipse/jetty/jetty-bom/9.4.12.v20180830/jetty-bom-9.4.12.v20180830.pom
2018-09-17 22:51:20,532 [Worker-11] INFO  o.e.m.c.i.e.AbstractTransferListenerAdapter - Downloading https://repo.maven.apache.org/maven2/org/springframework/spring-framework-bom/5.0.9.RELEASE/spring-framework-bom-5.0.9.RELEASE.pom
2018-09-17 22:51:20,813 [Worker-11] INFO  o.e.m.c.i.e.AbstractTransferListenerAdapter - Downloaded https://repo.maven.apache.org/maven2/org/springframework/spring-framework-bom/5.0.9.RELEASE/spring-framework-bom-5.0.9.RELEASE.pom
2018-09-17 22:51:21,106 [Worker-11] INFO  o.e.m.c.i.e.AbstractTransferListenerAdapter - Downloading https://repo.maven.apache.org/maven2/org/springframework/data/spring-data-releasetrain/Kay-SR10/spring-data-releasetrain-Kay-SR10.pom
2018-09-17 22:51:21,408 [Worker-11] INFO  o.e.m.c.i.e.AbstractTransferListenerAdapter - Downloaded https://repo.maven.apache.org/maven2/org/springframework/data/spring-data-releasetrain/Kay-SR10/spring-data-releasetrain-Kay-SR10.pom
2018-09-17 22:51:21,669 [Worker-11] INFO  o.e.m.c.i.e.AbstractTransferListenerAdapter - Downloading https://repo.maven.apache.org/maven2/org/springframework/data/build/spring-data-build/2.0.10.RELEASE/spring-data-build-2.0.10.RELEASE.pom
2018-09-17 22:51:22,019 [Worker-11] INFO  o.e.m.c.i.e.AbstractTransferListenerAdapter - Downloaded https://repo.maven.apache.org/maven2/org/springframework/data/build/spring-data-build/2.0.10.RELEASE/spring-data-build-2.0.10.RELEASE.pom
2018-09-17 22:51:22,283 [Worker-11] INFO  o.e.m.c.i.e.AbstractTransferListenerAdapter - Downloading https://repo.maven.apache.org/maven2/org/springframework/integration/spring-integration-bom/5.0.8.RELEASE/spring-integration-bom-5.0.8.RELEASE.pom
2018-09-17 22:51:22,614 [Worker-11] INFO  o.e.m.c.i.e.AbstractTransferListenerAdapter - Downloaded https://repo.maven.apache.org/maven2/org/springframework/integration/spring-integration-bom/5.0.8.RELEASE/spring-integration-bom-5.0.8.RELEASE.pom
2018-09-17 22:51:22,876 [Worker-11] INFO  o.e.m.c.i.e.AbstractTransferListenerAdapter - Downloading https://repo.maven.apache.org/maven2/org/springframework/security/spring-security-bom/5.0.8.RELEASE/spring-security-bom-5.0.8.RELEASE.pom
2018-09-17 22:51:24,170 [Worker-11] INFO  o.e.m.c.i.e.AbstractTransferListenerAdapter - Downloaded https://repo.maven.apache.org/maven2/org/springframework/security/spring-security-bom/5.0.8.RELEASE/spring-security-bom-5.0.8.RELEASE.pom
2018-09-17 22:51:24,442 [Worker-11] INFO  o.e.m.c.i.e.AbstractTransferListenerAdapter - Downloading https://repo.maven.apache.org/maven2/org/springframework/session/spring-session-bom/Apple-SR5/spring-session-bom-Apple-SR5.pom
2018-09-17 22:51:24,708 [Worker-11] INFO  o.e.m.c.i.e.AbstractTransferListenerAdapter - Downloaded https://repo.maven.apache.org/maven2/org/springframework/session/spring-session-bom/Apple-SR5/spring-session-bom-Apple-SR5.pom
2018-09-17 22:51:26,639 [Worker-11] INFO  o.e.m.c.i.e.AbstractTransferListenerAdapter - Downloading https://repo.maven.apache.org/maven2/org/springframework/boot/spring-boot-maven-plugin/2.0.5.RELEASE/spring-boot-maven-plugin-2.0.5.RELEASE.pom
2018-09-17 22:51:26,893 [Worker-11] INFO  o.e.m.c.i.e.AbstractTransferListenerAdapter - Downloaded https://repo.maven.apache.org/maven2/org/springframework/boot/spring-boot-maven-plugin/2.0.5.RELEASE/spring-boot-maven-plugin-2.0.5.RELEASE.pom
2018-09-17 22:51:27,160 [Worker-11] INFO  o.e.m.c.i.e.AbstractTransferListenerAdapter - Downloading https://repo.maven.apache.org/maven2/org/springframework/boot/spring-boot-tools/2.0.5.RELEASE/spring-boot-tools-2.0.5.RELEASE.pom
2018-09-17 22:51:27,442 [Worker-11] INFO  o.e.m.c.i.e.AbstractTransferListenerAdapter - Downloaded https://repo.maven.apache.org/maven2/org/springframework/boot/spring-boot-tools/2.0.5.RELEASE/spring-boot-tools-2.0.5.RELEASE.pom
2018-09-17 22:51:27,703 [Worker-11] INFO  o.e.m.c.i.e.AbstractTransferListenerAdapter - Downloading https://repo.maven.apache.org/maven2/org/springframework/boot/spring-boot-parent/2.0.5.RELEASE/spring-boot-parent-2.0.5.RELEASE.pom
2018-09-17 22:51:27,988 [Worker-11] INFO  o.e.m.c.i.e.AbstractTransferListenerAdapter - Downloaded https://repo.maven.apache.org/maven2/org/springframework/boot/spring-boot-parent/2.0.5.RELEASE/spring-boot-parent-2.0.5.RELEASE.pom
2018-09-17 22:51:28,309 [Worker-11] INFO  o.e.m.c.i.e.AbstractTransferListenerAdapter - Downloading https://repo.maven.apache.org/maven2/org/springframework/boot/spring-boot-maven-plugin/2.0.5.RELEASE/spring-boot-maven-plugin-2.0.5.RELEASE.jar
2018-09-17 22:51:29,483 [Worker-11] INFO  o.e.m.c.i.e.AbstractTransferListenerAdapter - Downloaded https://repo.maven.apache.org/maven2/org/springframework/boot/spring-boot-maven-plugin/2.0.5.RELEASE/spring-boot-maven-plugin-2.0.5.RELEASE.jar
2018-09-17 22:51:32,525 [Worker-11] INFO  o.e.m.c.i.l.LifecycleMappingFactory - Using org.eclipse.m2e.jdt.JarLifecycleMapping lifecycle mapping for MavenProject: com.in28minutes.ms:currency-exchange-service:0.0.1-SNAPSHOT @ D:\microServices\currency-exchange-service\pom.xml.
2018-09-17 22:51:32,794 [Worker-11] INFO  o.e.m.c.i.e.AbstractTransferListenerAdapter - Downloading https://repo.maven.apache.org/maven2/org/springframework/boot/spring-boot-starter-actuator/2.0.5.RELEASE/spring-boot-starter-actuator-2.0.5.RELEASE.pom
2018-09-17 22:51:33,054 [Worker-11] INFO  o.e.m.c.i.e.AbstractTransferListenerAdapter - Downloaded https://repo.maven.apache.org/maven2/org/springframework/boot/spring-boot-starter-actuator/2.0.5.RELEASE/spring-boot-starter-actuator-2.0.5.RELEASE.pom
2018-09-17 22:51:33,318 [Worker-11] INFO  o.e.m.c.i.e.AbstractTransferListenerAdapter - Downloading https://repo.maven.apache.org/maven2/org/springframework/boot/spring-boot-starters/2.0.5.RELEASE/spring-boot-starters-2.0.5.RELEASE.pom
2018-09-17 22:51:33,618 [Worker-11] INFO  o.e.m.c.i.e.AbstractTransferListenerAdapter - Downloaded https://repo.maven.apache.org/maven2/org/springframework/boot/spring-boot-starters/2.0.5.RELEASE/spring-boot-starters-2.0.5.RELEASE.pom
2018-09-17 22:51:33,882 [Worker-11] INFO  o.e.m.c.i.e.AbstractTransferListenerAdapter - Downloading https://repo.maven.apache.org/maven2/org/springframework/boot/spring-boot-starter/2.0.5.RELEASE/spring-boot-starter-2.0.5.RELEASE.pom
2018-09-17 22:51:34,142 [Worker-11] INFO  o.e.m.c.i.e.AbstractTransferListenerAdapter - Downloaded https://repo.maven.apache.org/maven2/org/springframework/boot/spring-boot-starter/2.0.5.RELEASE/spring-boot-starter-2.0.5.RELEASE.pom
2018-09-17 22:51:34,411 [Worker-11] INFO  o.e.m.c.i.e.AbstractTransferListenerAdapter - Downloading https://repo.maven.apache.org/maven2/org/springframework/boot/spring-boot/2.0.5.RELEASE/spring-boot-2.0.5.RELEASE.pom
2018-09-17 22:51:34,813 [Worker-11] INFO  o.e.m.c.i.e.AbstractTransferListenerAdapter - Downloaded https://repo.maven.apache.org/maven2/org/springframework/boot/spring-boot/2.0.5.RELEASE/spring-boot-2.0.5.RELEASE.pom
2018-09-17 22:51:35,080 [Worker-11] INFO  o.e.m.c.i.e.AbstractTransferListenerAdapter - Downloading https://repo.maven.apache.org/maven2/org/springframework/spring-core/5.0.9.RELEASE/spring-core-5.0.9.RELEASE.pom
2018-09-17 22:51:35,372 [Worker-11] INFO  o.e.m.c.i.e.AbstractTransferListenerAdapter - Downloaded https://repo.maven.apache.org/maven2/org/springframework/spring-core/5.0.9.RELEASE/spring-core-5.0.9.RELEASE.pom
2018-09-17 22:51:35,638 [Worker-11] INFO  o.e.m.c.i.e.AbstractTransferListenerAdapter - Downloading https://repo.maven.apache.org/maven2/org/springframework/spring-jcl/5.0.9.RELEASE/spring-jcl-5.0.9.RELEASE.pom
2018-09-17 22:51:35,938 [Worker-11] INFO  o.e.m.c.i.e.AbstractTransferListenerAdapter - Downloaded https://repo.maven.apache.org/maven2/org/springframework/spring-jcl/5.0.9.RELEASE/spring-jcl-5.0.9.RELEASE.pom
2018-09-17 22:51:36,205 [Worker-11] INFO  o.e.m.c.i.e.AbstractTransferListenerAdapter - Downloading https://repo.maven.apache.org/maven2/org/springframework/spring-context/5.0.9.RELEASE/spring-context-5.0.9.RELEASE.pom
2018-09-17 22:51:36,513 [Worker-11] INFO  o.e.m.c.i.e.AbstractTransferListenerAdapter - Downloaded https://repo.maven.apache.org/maven2/org/springframework/spring-context/5.0.9.RELEASE/spring-context-5.0.9.RELEASE.pom
2018-09-17 22:51:36,778 [Worker-11] INFO  o.e.m.c.i.e.AbstractTransferListenerAdapter - Downloading https://repo.maven.apache.org/maven2/org/springframework/spring-aop/5.0.9.RELEASE/spring-aop-5.0.9.RELEASE.pom
2018-09-17 22:51:37,275 [Worker-11] INFO  o.e.m.c.i.e.AbstractTransferListenerAdapter - Downloaded https://repo.maven.apache.org/maven2/org/springframework/spring-aop/5.0.9.RELEASE/spring-aop-5.0.9.RELEASE.pom
2018-09-17 22:51:37,558 [Worker-11] INFO  o.e.m.c.i.e.AbstractTransferListenerAdapter - Downloading https://repo.maven.apache.org/maven2/org/springframework/spring-beans/5.0.9.RELEASE/spring-beans-5.0.9.RELEASE.pom
2018-09-17 22:51:37,869 [Worker-11] INFO  o.e.m.c.i.e.AbstractTransferListenerAdapter - Downloaded https://repo.maven.apache.org/maven2/org/springframework/spring-beans/5.0.9.RELEASE/spring-beans-5.0.9.RELEASE.pom
2018-09-17 22:51:38,131 [Worker-11] INFO  o.e.m.c.i.e.AbstractTransferListenerAdapter - Downloading https://repo.maven.apache.org/maven2/org/springframework/spring-expression/5.0.9.RELEASE/spring-expression-5.0.9.RELEASE.pom
2018-09-17 22:51:38,392 [Worker-11] INFO  o.e.m.c.i.e.AbstractTransferListenerAdapter - Downloaded https://repo.maven.apache.org/maven2/org/springframework/spring-expression/5.0.9.RELEASE/spring-expression-5.0.9.RELEASE.pom
2018-09-17 22:51:38,655 [Worker-11] INFO  o.e.m.c.i.e.AbstractTransferListenerAdapter - Downloading https://repo.maven.apache.org/maven2/org/springframework/boot/spring-boot-autoconfigure/2.0.5.RELEASE/spring-boot-autoconfigure-2.0.5.RELEASE.pom
2018-09-17 22:51:39,249 [Worker-11] INFO  o.e.m.c.i.e.AbstractTransferListenerAdapter - Downloaded https://repo.maven.apache.org/maven2/org/springframework/boot/spring-boot-autoconfigure/2.0.5.RELEASE/spring-boot-autoconfigure-2.0.5.RELEASE.pom
2018-09-17 22:51:39,518 [Worker-11] INFO  o.e.m.c.i.e.AbstractTransferListenerAdapter - Downloading https://repo.maven.apache.org/maven2/org/springframework/boot/spring-boot-starter-logging/2.0.5.RELEASE/spring-boot-starter-logging-2.0.5.RELEASE.pom
2018-09-17 22:51:39,811 [Worker-11] INFO  o.e.m.c.i.e.AbstractTransferListenerAdapter - Downloaded https://repo.maven.apache.org/maven2/org/springframework/boot/spring-boot-starter-logging/2.0.5.RELEASE/spring-boot-starter-logging-2.0.5.RELEASE.pom
2018-09-17 22:51:40,198 [Worker-11] INFO  o.e.m.c.i.e.AbstractTransferListenerAdapter - Downloading https://repo.maven.apache.org/maven2/org/springframework/boot/spring-boot-actuator-autoconfigure/2.0.5.RELEASE/spring-boot-actuator-autoconfigure-2.0.5.RELEASE.pom
2018-09-17 22:51:40,697 [Worker-11] INFO  o.e.m.c.i.e.AbstractTransferListenerAdapter - Downloaded https://repo.maven.apache.org/maven2/org/springframework/boot/spring-boot-actuator-autoconfigure/2.0.5.RELEASE/spring-boot-actuator-autoconfigure-2.0.5.RELEASE.pom
2018-09-17 22:51:40,965 [Worker-11] INFO  o.e.m.c.i.e.AbstractTransferListenerAdapter - Downloading https://repo.maven.apache.org/maven2/org/springframework/boot/spring-boot-actuator/2.0.5.RELEASE/spring-boot-actuator-2.0.5.RELEASE.pom
2018-09-17 22:51:41,369 [Worker-11] INFO  o.e.m.c.i.e.AbstractTransferListenerAdapter - Downloaded https://repo.maven.apache.org/maven2/org/springframework/boot/spring-boot-actuator/2.0.5.RELEASE/spring-boot-actuator-2.0.5.RELEASE.pom
2018-09-17 22:51:42,016 [Worker-11] INFO  o.e.m.c.i.e.AbstractTransferListenerAdapter - Downloading https://repo.maven.apache.org/maven2/org/springframework/boot/spring-boot-starter-web/2.0.5.RELEASE/spring-boot-starter-web-2.0.5.RELEASE.pom
2018-09-17 22:51:42,318 [Worker-11] INFO  o.e.m.c.i.e.AbstractTransferListenerAdapter - Downloaded https://repo.maven.apache.org/maven2/org/springframework/boot/spring-boot-starter-web/2.0.5.RELEASE/spring-boot-starter-web-2.0.5.RELEASE.pom
2018-09-17 22:51:42,584 [Worker-11] INFO  o.e.m.c.i.e.AbstractTransferListenerAdapter - Downloading https://repo.maven.apache.org/maven2/org/springframework/boot/spring-boot-starter-json/2.0.5.RELEASE/spring-boot-starter-json-2.0.5.RELEASE.pom
2018-09-17 22:51:42,845 [Worker-11] INFO  o.e.m.c.i.e.AbstractTransferListenerAdapter - Downloaded https://repo.maven.apache.org/maven2/org/springframework/boot/spring-boot-starter-json/2.0.5.RELEASE/spring-boot-starter-json-2.0.5.RELEASE.pom
2018-09-17 22:51:43,118 [Worker-11] INFO  o.e.m.c.i.e.AbstractTransferListenerAdapter - Downloading https://repo.maven.apache.org/maven2/org/springframework/spring-web/5.0.9.RELEASE/spring-web-5.0.9.RELEASE.pom
2018-09-17 22:51:43,454 [Worker-11] INFO  o.e.m.c.i.e.AbstractTransferListenerAdapter - Downloaded https://repo.maven.apache.org/maven2/org/springframework/spring-web/5.0.9.RELEASE/spring-web-5.0.9.RELEASE.pom
2018-09-17 22:51:43,738 [Worker-11] INFO  o.e.m.c.i.e.AbstractTransferListenerAdapter - Downloading https://repo.maven.apache.org/maven2/org/springframework/boot/spring-boot-starter-tomcat/2.0.5.RELEASE/spring-boot-starter-tomcat-2.0.5.RELEASE.pom
2018-09-17 22:51:44,001 [Worker-11] INFO  o.e.m.c.i.e.AbstractTransferListenerAdapter - Downloaded https://repo.maven.apache.org/maven2/org/springframework/boot/spring-boot-starter-tomcat/2.0.5.RELEASE/spring-boot-starter-tomcat-2.0.5.RELEASE.pom
2018-09-17 22:51:44,273 [Worker-11] INFO  o.e.m.c.i.e.AbstractTransferListenerAdapter - Downloading https://repo.maven.apache.org/maven2/org/apache/tomcat/embed/tomcat-embed-core/8.5.34/tomcat-embed-core-8.5.34.pom
2018-09-17 22:51:44,558 [Worker-11] INFO  o.e.m.c.i.e.AbstractTransferListenerAdapter - Downloaded https://repo.maven.apache.org/maven2/org/apache/tomcat/embed/tomcat-embed-core/8.5.34/tomcat-embed-core-8.5.34.pom
2018-09-17 22:51:44,817 [Worker-11] INFO  o.e.m.c.i.e.AbstractTransferListenerAdapter - Downloading https://repo.maven.apache.org/maven2/org/apache/tomcat/embed/tomcat-embed-el/8.5.34/tomcat-embed-el-8.5.34.pom
2018-09-17 22:51:45,183 [Worker-11] INFO  o.e.m.c.i.e.AbstractTransferListenerAdapter - Downloaded https://repo.maven.apache.org/maven2/org/apache/tomcat/embed/tomcat-embed-el/8.5.34/tomcat-embed-el-8.5.34.pom
2018-09-17 22:51:45,444 [Worker-11] INFO  o.e.m.c.i.e.AbstractTransferListenerAdapter - Downloading https://repo.maven.apache.org/maven2/org/apache/tomcat/embed/tomcat-embed-websocket/8.5.34/tomcat-embed-websocket-8.5.34.pom
2018-09-17 22:51:45,740 [Worker-11] INFO  o.e.m.c.i.e.AbstractTransferListenerAdapter - Downloaded https://repo.maven.apache.org/maven2/org/apache/tomcat/embed/tomcat-embed-websocket/8.5.34/tomcat-embed-websocket-8.5.34.pom
2018-09-17 22:51:45,999 [Worker-11] INFO  o.e.m.c.i.e.AbstractTransferListenerAdapter - Downloading https://repo.maven.apache.org/maven2/org/apache/tomcat/tomcat-annotations-api/8.5.34/tomcat-annotations-api-8.5.34.pom
2018-09-17 22:51:46,265 [Worker-11] INFO  o.e.m.c.i.e.AbstractTransferListenerAdapter - Downloaded https://repo.maven.apache.org/maven2/org/apache/tomcat/tomcat-annotations-api/8.5.34/tomcat-annotations-api-8.5.34.pom
2018-09-17 22:51:46,529 [Worker-11] INFO  o.e.m.c.i.e.AbstractTransferListenerAdapter - Downloading https://repo.maven.apache.org/maven2/org/hibernate/validator/hibernate-validator/6.0.12.Final/hibernate-validator-6.0.12.Final.pom
2018-09-17 22:51:46,899 [Worker-11] INFO  o.e.m.c.i.e.AbstractTransferListenerAdapter - Downloaded https://repo.maven.apache.org/maven2/org/hibernate/validator/hibernate-validator/6.0.12.Final/hibernate-validator-6.0.12.Final.pom
2018-09-17 22:51:47,184 [Worker-11] INFO  o.e.m.c.i.e.AbstractTransferListenerAdapter - Downloading https://repo.maven.apache.org/maven2/org/hibernate/validator/hibernate-validator-parent/6.0.12.Final/hibernate-validator-parent-6.0.12.Final.pom
2018-09-17 22:51:47,991 [Worker-11] INFO  o.e.m.c.i.e.AbstractTransferListenerAdapter - Downloaded https://repo.maven.apache.org/maven2/org/hibernate/validator/hibernate-validator-parent/6.0.12.Final/hibernate-validator-parent-6.0.12.Final.pom
2018-09-17 22:51:48,476 [Worker-11] INFO  o.e.m.c.i.e.AbstractTransferListenerAdapter - Downloading https://repo.maven.apache.org/maven2/org/springframework/spring-webmvc/5.0.9.RELEASE/spring-webmvc-5.0.9.RELEASE.pom
2018-09-17 22:51:48,736 [Worker-11] INFO  o.e.m.c.i.e.AbstractTransferListenerAdapter - Downloaded https://repo.maven.apache.org/maven2/org/springframework/spring-webmvc/5.0.9.RELEASE/spring-webmvc-5.0.9.RELEASE.pom
2018-09-17 22:51:49,248 [Worker-11] INFO  o.e.m.c.i.e.AbstractTransferListenerAdapter - Downloading https://repo.maven.apache.org/maven2/org/springframework/security/spring-security-crypto/5.0.8.RELEASE/spring-security-crypto-5.0.8.RELEASE.pom
2018-09-17 22:51:49,540 [Worker-11] INFO  o.e.m.c.i.e.AbstractTransferListenerAdapter - Downloaded https://repo.maven.apache.org/maven2/org/springframework/security/spring-security-crypto/5.0.8.RELEASE/spring-security-crypto-5.0.8.RELEASE.pom
2018-09-17 22:51:50,001 [Worker-11] INFO  o.e.m.c.i.e.AbstractTransferListenerAdapter - Downloading https://repo.maven.apache.org/maven2/org/springframework/boot/spring-boot-devtools/2.0.5.RELEASE/spring-boot-devtools-2.0.5.RELEASE.pom
2018-09-17 22:51:50,276 [Worker-11] INFO  o.e.m.c.i.e.AbstractTransferListenerAdapter - Downloaded https://repo.maven.apache.org/maven2/org/springframework/boot/spring-boot-devtools/2.0.5.RELEASE/spring-boot-devtools-2.0.5.RELEASE.pom
2018-09-17 22:51:50,556 [Worker-11] INFO  o.e.m.c.i.e.AbstractTransferListenerAdapter - Downloading https://repo.maven.apache.org/maven2/org/springframework/boot/spring-boot-starter-test/2.0.5.RELEASE/spring-boot-starter-test-2.0.5.RELEASE.pom
2018-09-17 22:51:50,870 [Worker-11] INFO  o.e.m.c.i.e.AbstractTransferListenerAdapter - Downloaded https://repo.maven.apache.org/maven2/org/springframework/boot/spring-boot-starter-test/2.0.5.RELEASE/spring-boot-starter-test-2.0.5.RELEASE.pom
2018-09-17 22:51:51,134 [Worker-11] INFO  o.e.m.c.i.e.AbstractTransferListenerAdapter - Downloading https://repo.maven.apache.org/maven2/org/springframework/boot/spring-boot-test/2.0.5.RELEASE/spring-boot-test-2.0.5.RELEASE.pom
2018-09-17 22:51:51,531 [Worker-11] INFO  o.e.m.c.i.e.AbstractTransferListenerAdapter - Downloaded https://repo.maven.apache.org/maven2/org/springframework/boot/spring-boot-test/2.0.5.RELEASE/spring-boot-test-2.0.5.RELEASE.pom
2018-09-17 22:51:51,801 [Worker-11] INFO  o.e.m.c.i.e.AbstractTransferListenerAdapter - Downloading https://repo.maven.apache.org/maven2/org/springframework/boot/spring-boot-test-autoconfigure/2.0.5.RELEASE/spring-boot-test-autoconfigure-2.0.5.RELEASE.pom
2018-09-17 22:51:52,116 [Worker-11] INFO  o.e.m.c.i.e.AbstractTransferListenerAdapter - Downloaded https://repo.maven.apache.org/maven2/org/springframework/boot/spring-boot-test-autoconfigure/2.0.5.RELEASE/spring-boot-test-autoconfigure-2.0.5.RELEASE.pom
2018-09-17 22:51:52,600 [Worker-11] INFO  o.e.m.c.i.e.AbstractTransferListenerAdapter - Downloading https://repo.maven.apache.org/maven2/org/springframework/spring-test/5.0.9.RELEASE/spring-test-5.0.9.RELEASE.pom
2018-09-17 22:51:52,890 [Worker-11] INFO  o.e.m.c.i.e.AbstractTransferListenerAdapter - Downloaded https://repo.maven.apache.org/maven2/org/springframework/spring-test/5.0.9.RELEASE/spring-test-5.0.9.RELEASE.pom
2018-09-17 22:51:53,315 [Worker-11] INFO  o.e.m.c.i.e.AbstractTransferListenerAdapter - Downloading https://repo.maven.apache.org/maven2/org/springframework/boot/spring-boot-starter-actuator/2.0.5.RELEASE/spring-boot-starter-actuator-2.0.5.RELEASE.jar
2018-09-17 22:51:53,570 [Worker-11] INFO  o.e.m.c.i.e.AbstractTransferListenerAdapter - Downloaded https://repo.maven.apache.org/maven2/org/springframework/boot/spring-boot-starter-actuator/2.0.5.RELEASE/spring-boot-starter-actuator-2.0.5.RELEASE.jar
2018-09-17 22:51:53,824 [Worker-11] INFO  o.e.m.c.i.e.AbstractTransferListenerAdapter - Downloading https://repo.maven.apache.org/maven2/org/springframework/boot/spring-boot-starter/2.0.5.RELEASE/spring-boot-starter-2.0.5.RELEASE.jar
2018-09-17 22:51:54,084 [Worker-11] INFO  o.e.m.c.i.e.AbstractTransferListenerAdapter - Downloaded https://repo.maven.apache.org/maven2/org/springframework/boot/spring-boot-starter/2.0.5.RELEASE/spring-boot-starter-2.0.5.RELEASE.jar
2018-09-17 22:51:54,344 [Worker-11] INFO  o.e.m.c.i.e.AbstractTransferListenerAdapter - Downloading https://repo.maven.apache.org/maven2/org/springframework/boot/spring-boot-starter-logging/2.0.5.RELEASE/spring-boot-starter-logging-2.0.5.RELEASE.jar
2018-09-17 22:51:54,607 [Worker-11] INFO  o.e.m.c.i.e.AbstractTransferListenerAdapter - Downloaded https://repo.maven.apache.org/maven2/org/springframework/boot/spring-boot-starter-logging/2.0.5.RELEASE/spring-boot-starter-logging-2.0.5.RELEASE.jar
2018-09-17 22:51:54,867 [Worker-11] INFO  o.e.m.c.i.e.AbstractTransferListenerAdapter - Downloading https://repo.maven.apache.org/maven2/org/springframework/boot/spring-boot-actuator-autoconfigure/2.0.5.RELEASE/spring-boot-actuator-autoconfigure-2.0.5.RELEASE.jar
2018-09-17 22:51:56,924 [Worker-11] INFO  o.e.m.c.i.e.AbstractTransferListenerAdapter - Downloaded https://repo.maven.apache.org/maven2/org/springframework/boot/spring-boot-actuator-autoconfigure/2.0.5.RELEASE/spring-boot-actuator-autoconfigure-2.0.5.RELEASE.jar
2018-09-17 22:51:57,214 [Worker-11] INFO  o.e.m.c.i.e.AbstractTransferListenerAdapter - Downloading https://repo.maven.apache.org/maven2/org/springframework/boot/spring-boot-actuator/2.0.5.RELEASE/spring-boot-actuator-2.0.5.RELEASE.jar
2018-09-17 22:51:58,517 [Worker-11] INFO  o.e.m.c.i.e.AbstractTransferListenerAdapter - Downloaded https://repo.maven.apache.org/maven2/org/springframework/boot/spring-boot-actuator/2.0.5.RELEASE/spring-boot-actuator-2.0.5.RELEASE.jar
2018-09-17 22:51:58,802 [Worker-11] INFO  o.e.m.c.i.e.AbstractTransferListenerAdapter - Downloading https://repo.maven.apache.org/maven2/org/springframework/spring-context/5.0.9.RELEASE/spring-context-5.0.9.RELEASE.jar
2018-09-17 22:52:00,547 [Worker-11] INFO  o.e.m.c.i.e.AbstractTransferListenerAdapter - Downloaded https://repo.maven.apache.org/maven2/org/springframework/spring-context/5.0.9.RELEASE/spring-context-5.0.9.RELEASE.jar
2018-09-17 22:52:00,807 [Worker-11] INFO  o.e.m.c.i.e.AbstractTransferListenerAdapter - Downloading https://repo.maven.apache.org/maven2/org/springframework/boot/spring-boot-starter-web/2.0.5.RELEASE/spring-boot-starter-web-2.0.5.RELEASE.jar
2018-09-17 22:52:01,066 [Worker-11] INFO  o.e.m.c.i.e.AbstractTransferListenerAdapter - Downloaded https://repo.maven.apache.org/maven2/org/springframework/boot/spring-boot-starter-web/2.0.5.RELEASE/spring-boot-starter-web-2.0.5.RELEASE.jar
2018-09-17 22:52:01,320 [Worker-11] INFO  o.e.m.c.i.e.AbstractTransferListenerAdapter - Downloading https://repo.maven.apache.org/maven2/org/springframework/boot/spring-boot-starter-json/2.0.5.RELEASE/spring-boot-starter-json-2.0.5.RELEASE.jar
2018-09-17 22:52:01,580 [Worker-11] INFO  o.e.m.c.i.e.AbstractTransferListenerAdapter - Downloaded https://repo.maven.apache.org/maven2/org/springframework/boot/spring-boot-starter-json/2.0.5.RELEASE/spring-boot-starter-json-2.0.5.RELEASE.jar
2018-09-17 22:52:01,839 [Worker-11] INFO  o.e.m.c.i.e.AbstractTransferListenerAdapter - Downloading https://repo.maven.apache.org/maven2/org/springframework/boot/spring-boot-starter-tomcat/2.0.5.RELEASE/spring-boot-starter-tomcat-2.0.5.RELEASE.jar
2018-09-17 22:52:02,094 [Worker-11] INFO  o.e.m.c.i.e.AbstractTransferListenerAdapter - Downloaded https://repo.maven.apache.org/maven2/org/springframework/boot/spring-boot-starter-tomcat/2.0.5.RELEASE/spring-boot-starter-tomcat-2.0.5.RELEASE.jar
2018-09-17 22:52:02,368 [Worker-11] INFO  o.e.m.c.i.e.AbstractTransferListenerAdapter - Downloading https://repo.maven.apache.org/maven2/org/apache/tomcat/embed/tomcat-embed-core/8.5.34/tomcat-embed-core-8.5.34.jar
2018-09-17 22:52:04,878 [Worker-11] INFO  o.e.m.c.i.e.AbstractTransferListenerAdapter - Downloaded https://repo.maven.apache.org/maven2/org/apache/tomcat/embed/tomcat-embed-core/8.5.34/tomcat-embed-core-8.5.34.jar
2018-09-17 22:52:05,145 [Worker-11] INFO  o.e.m.c.i.e.AbstractTransferListenerAdapter - Downloading https://repo.maven.apache.org/maven2/org/apache/tomcat/embed/tomcat-embed-el/8.5.34/tomcat-embed-el-8.5.34.jar
2018-09-17 22:52:05,500 [Worker-11] INFO  o.e.m.c.i.e.AbstractTransferListenerAdapter - Downloaded https://repo.maven.apache.org/maven2/org/apache/tomcat/embed/tomcat-embed-el/8.5.34/tomcat-embed-el-8.5.34.jar
2018-09-17 22:52:05,765 [Worker-11] INFO  o.e.m.c.i.e.AbstractTransferListenerAdapter - Downloading https://repo.maven.apache.org/maven2/org/apache/tomcat/embed/tomcat-embed-websocket/8.5.34/tomcat-embed-websocket-8.5.34.jar
2018-09-17 22:52:06,113 [Worker-11] INFO  o.e.m.c.i.e.AbstractTransferListenerAdapter - Downloaded https://repo.maven.apache.org/maven2/org/apache/tomcat/embed/tomcat-embed-websocket/8.5.34/tomcat-embed-websocket-8.5.34.jar
2018-09-17 22:52:06,378 [Worker-11] INFO  o.e.m.c.i.e.AbstractTransferListenerAdapter - Downloading https://repo.maven.apache.org/maven2/org/hibernate/validator/hibernate-validator/6.0.12.Final/hibernate-validator-6.0.12.Final.jar
2018-09-17 22:52:07,158 [Worker-11] INFO  o.e.m.c.i.e.AbstractTransferListenerAdapter - Downloaded https://repo.maven.apache.org/maven2/org/hibernate/validator/hibernate-validator/6.0.12.Final/hibernate-validator-6.0.12.Final.jar
2018-09-17 22:52:07,422 [Worker-11] INFO  o.e.m.c.i.e.AbstractTransferListenerAdapter - Downloading https://repo.maven.apache.org/maven2/org/springframework/spring-web/5.0.9.RELEASE/spring-web-5.0.9.RELEASE.jar
2018-09-17 22:52:08,177 [Worker-11] INFO  o.e.m.c.i.e.AbstractTransferListenerAdapter - Downloaded https://repo.maven.apache.org/maven2/org/springframework/spring-web/5.0.9.RELEASE/spring-web-5.0.9.RELEASE.jar
2018-09-17 22:52:08,437 [Worker-11] INFO  o.e.m.c.i.e.AbstractTransferListenerAdapter - Downloading https://repo.maven.apache.org/maven2/org/springframework/spring-beans/5.0.9.RELEASE/spring-beans-5.0.9.RELEASE.jar
2018-09-17 22:52:08,917 [Worker-11] INFO  o.e.m.c.i.e.AbstractTransferListenerAdapter - Downloaded https://repo.maven.apache.org/maven2/org/springframework/spring-beans/5.0.9.RELEASE/spring-beans-5.0.9.RELEASE.jar
2018-09-17 22:52:09,182 [Worker-11] INFO  o.e.m.c.i.e.AbstractTransferListenerAdapter - Downloading https://repo.maven.apache.org/maven2/org/springframework/spring-webmvc/5.0.9.RELEASE/spring-webmvc-5.0.9.RELEASE.jar
2018-09-17 22:52:09,738 [Worker-11] INFO  o.e.m.c.i.e.AbstractTransferListenerAdapter - Downloaded https://repo.maven.apache.org/maven2/org/springframework/spring-webmvc/5.0.9.RELEASE/spring-webmvc-5.0.9.RELEASE.jar
2018-09-17 22:52:10,003 [Worker-11] INFO  o.e.m.c.i.e.AbstractTransferListenerAdapter - Downloading https://repo.maven.apache.org/maven2/org/springframework/spring-aop/5.0.9.RELEASE/spring-aop-5.0.9.RELEASE.jar
2018-09-17 22:52:10,372 [Worker-11] INFO  o.e.m.c.i.e.AbstractTransferListenerAdapter - Downloaded https://repo.maven.apache.org/maven2/org/springframework/spring-aop/5.0.9.RELEASE/spring-aop-5.0.9.RELEASE.jar
2018-09-17 22:52:10,632 [Worker-11] INFO  o.e.m.c.i.e.AbstractTransferListenerAdapter - Downloading https://repo.maven.apache.org/maven2/org/springframework/spring-expression/5.0.9.RELEASE/spring-expression-5.0.9.RELEASE.jar
2018-09-17 22:52:10,972 [Worker-11] INFO  o.e.m.c.i.e.AbstractTransferListenerAdapter - Downloaded https://repo.maven.apache.org/maven2/org/springframework/spring-expression/5.0.9.RELEASE/spring-expression-5.0.9.RELEASE.jar
2018-09-17 22:52:11,243 [Worker-11] INFO  o.e.m.c.i.e.AbstractTransferListenerAdapter - Downloading https://repo.maven.apache.org/maven2/org/springframework/security/spring-security-crypto/5.0.8.RELEASE/spring-security-crypto-5.0.8.RELEASE.jar
2018-09-17 22:52:11,540 [Worker-11] INFO  o.e.m.c.i.e.AbstractTransferListenerAdapter - Downloaded https://repo.maven.apache.org/maven2/org/springframework/security/spring-security-crypto/5.0.8.RELEASE/spring-security-crypto-5.0.8.RELEASE.jar
2018-09-17 22:52:11,802 [Worker-11] INFO  o.e.m.c.i.e.AbstractTransferListenerAdapter - Downloading https://repo.maven.apache.org/maven2/org/springframework/boot/spring-boot-devtools/2.0.5.RELEASE/spring-boot-devtools-2.0.5.RELEASE.jar
2018-09-17 22:52:12,134 [Worker-11] INFO  o.e.m.c.i.e.AbstractTransferListenerAdapter - Downloaded https://repo.maven.apache.org/maven2/org/springframework/boot/spring-boot-devtools/2.0.5.RELEASE/spring-boot-devtools-2.0.5.RELEASE.jar
2018-09-17 22:52:12,396 [Worker-11] INFO  o.e.m.c.i.e.AbstractTransferListenerAdapter - Downloading https://repo.maven.apache.org/maven2/org/springframework/boot/spring-boot/2.0.5.RELEASE/spring-boot-2.0.5.RELEASE.jar
2018-09-17 22:52:12,974 [Worker-11] INFO  o.e.m.c.i.e.AbstractTransferListenerAdapter - Downloaded https://repo.maven.apache.org/maven2/org/springframework/boot/spring-boot/2.0.5.RELEASE/spring-boot-2.0.5.RELEASE.jar
2018-09-17 22:52:13,234 [Worker-11] INFO  o.e.m.c.i.e.AbstractTransferListenerAdapter - Downloading https://repo.maven.apache.org/maven2/org/springframework/boot/spring-boot-autoconfigure/2.0.5.RELEASE/spring-boot-autoconfigure-2.0.5.RELEASE.jar
2018-09-17 22:52:13,877 [Worker-11] INFO  o.e.m.c.i.e.AbstractTransferListenerAdapter - Downloaded https://repo.maven.apache.org/maven2/org/springframework/boot/spring-boot-autoconfigure/2.0.5.RELEASE/spring-boot-autoconfigure-2.0.5.RELEASE.jar
2018-09-17 22:52:14,137 [Worker-11] INFO  o.e.m.c.i.e.AbstractTransferListenerAdapter - Downloading https://repo.maven.apache.org/maven2/org/springframework/boot/spring-boot-starter-test/2.0.5.RELEASE/spring-boot-starter-test-2.0.5.RELEASE.jar
2018-09-17 22:52:14,403 [Worker-11] INFO  o.e.m.c.i.e.AbstractTransferListenerAdapter - Downloaded https://repo.maven.apache.org/maven2/org/springframework/boot/spring-boot-starter-test/2.0.5.RELEASE/spring-boot-starter-test-2.0.5.RELEASE.jar
2018-09-17 22:52:14,662 [Worker-11] INFO  o.e.m.c.i.e.AbstractTransferListenerAdapter - Downloading https://repo.maven.apache.org/maven2/org/springframework/boot/spring-boot-test/2.0.5.RELEASE/spring-boot-test-2.0.5.RELEASE.jar
2018-09-17 22:52:14,970 [Worker-11] INFO  o.e.m.c.i.e.AbstractTransferListenerAdapter - Downloaded https://repo.maven.apache.org/maven2/org/springframework/boot/spring-boot-test/2.0.5.RELEASE/spring-boot-test-2.0.5.RELEASE.jar
2018-09-17 22:52:15,231 [Worker-11] INFO  o.e.m.c.i.e.AbstractTransferListenerAdapter - Downloading https://repo.maven.apache.org/maven2/org/springframework/boot/spring-boot-test-autoconfigure/2.0.5.RELEASE/spring-boot-test-autoconfigure-2.0.5.RELEASE.jar
2018-09-17 22:52:15,531 [Worker-11] INFO  o.e.m.c.i.e.AbstractTransferListenerAdapter - Downloaded https://repo.maven.apache.org/maven2/org/springframework/boot/spring-boot-test-autoconfigure/2.0.5.RELEASE/spring-boot-test-autoconfigure-2.0.5.RELEASE.jar
2018-09-17 22:52:15,792 [Worker-11] INFO  o.e.m.c.i.e.AbstractTransferListenerAdapter - Downloading https://repo.maven.apache.org/maven2/org/springframework/spring-core/5.0.9.RELEASE/spring-core-5.0.9.RELEASE.jar
2018-09-17 22:52:16,417 [Worker-11] INFO  o.e.m.c.i.e.AbstractTransferListenerAdapter - Downloaded https://repo.maven.apache.org/maven2/org/springframework/spring-core/5.0.9.RELEASE/spring-core-5.0.9.RELEASE.jar
2018-09-17 22:52:16,681 [Worker-11] INFO  o.e.m.c.i.e.AbstractTransferListenerAdapter - Downloading https://repo.maven.apache.org/maven2/org/springframework/spring-jcl/5.0.9.RELEASE/spring-jcl-5.0.9.RELEASE.jar
2018-09-17 22:52:16,954 [Worker-11] INFO  o.e.m.c.i.e.AbstractTransferListenerAdapter - Downloaded https://repo.maven.apache.org/maven2/org/springframework/spring-jcl/5.0.9.RELEASE/spring-jcl-5.0.9.RELEASE.jar
2018-09-17 22:52:17,213 [Worker-11] INFO  o.e.m.c.i.e.AbstractTransferListenerAdapter - Downloading https://repo.maven.apache.org/maven2/org/springframework/spring-test/5.0.9.RELEASE/spring-test-5.0.9.RELEASE.jar
2018-09-17 22:52:17,633 [Worker-11] INFO  o.e.m.c.i.e.AbstractTransferListenerAdapter - Downloaded https://repo.maven.apache.org/maven2/org/springframework/spring-test/5.0.9.RELEASE/spring-test-5.0.9.RELEASE.jar
2018-09-17 22:52:21,553 [Worker-11] INFO  o.e.m.c.i.l.LifecycleMappingFactory - Using org.eclipse.m2e.jdt.JarLifecycleMapping lifecycle mapping for MavenProject: com.example.microservices:spring-cloud-config-server:0.0.1-SNAPSHOT @ D:\microServices\spring-cloud-config-server\pom.xml.
2018-09-17 22:52:23,666 [Worker-11] INFO  o.e.m.c.i.l.LifecycleMappingFactory - Using org.eclipse.m2e.jdt.JarLifecycleMapping lifecycle mapping for MavenProject: com.example.microservices:limits-service:0.0.1-SNAPSHOT @ D:\microServices\limits-service\pom.xml.
2018-09-17 22:52:26,322 [Worker-11] INFO  o.e.m.j.i.AbstractJavaProjectConfigurator - Adding source folder /currency-exchange-service/src/main/java
2018-09-17 22:52:26,322 [Worker-11] INFO  o.e.m.j.i.AbstractJavaProjectConfigurator - Adding resource folder /currency-exchange-service/src/main/resources
2018-09-17 22:52:26,330 [Worker-11] INFO  o.e.m.j.i.AbstractJavaProjectConfigurator - Adding resource folder /currency-exchange-service/src/main/resources
2018-09-17 22:52:26,354 [Worker-11] INFO  o.e.m.j.i.AbstractJavaProjectConfigurator - Adding source folder /currency-exchange-service/src/test/java
2018-09-17 22:52:28,353 [Worker-11] INFO  o.e.m.c.i.p.ProjectConfigurationManager - Imported and configured 1 project(s) in 75 sec
2018-09-17 22:52:30,213 [Worker-12] INFO  o.e.m.c.i.embedder.EclipseLogger - Using 'UTF-8' encoding to copy filtered resources.
2018-09-17 22:52:30,218 [Worker-12] INFO  o.e.m.c.i.embedder.EclipseLogger - Copying 0 resource
2018-09-17 22:52:30,218 [Worker-12] INFO  o.e.m.c.i.embedder.EclipseLogger - Copying 0 resource
2018-09-17 22:52:30,223 [Worker-12] INFO  o.e.m.c.i.embedder.EclipseLogger - Using 'UTF-8' encoding to copy filtered resources.
2018-09-17 22:52:30,223 [Worker-12] INFO  o.e.m.c.i.embedder.EclipseLogger - skip non existing resourceDirectory D:\microServices\spring-cloud-config-server\src\test\resources
2018-09-17 22:52:34,650 [Worker-7] INFO  o.e.m.c.i.embedder.EclipseLogger - Using 'UTF-8' encoding to copy filtered resources.
2018-09-17 22:52:34,650 [Worker-7] INFO  o.e.m.c.i.embedder.EclipseLogger - Copying 1 resource
2018-09-17 22:52:34,660 [Worker-7] INFO  o.e.m.c.i.embedder.EclipseLogger - Copying 0 resource
2018-09-17 22:52:34,670 [Worker-7] INFO  o.e.m.c.i.embedder.EclipseLogger - Using 'UTF-8' encoding to copy filtered resources.
2018-09-17 22:52:34,670 [Worker-7] INFO  o.e.m.c.i.embedder.EclipseLogger - skip non existing resourceDirectory D:\microServices\currency-exchange-service\src\test\resources
2018-09-17 22:52:37,303 [Worker-7] INFO  o.e.m.c.i.embedder.EclipseLogger - Using 'UTF-8' encoding to copy filtered resources.
2018-09-17 22:52:37,303 [Worker-7] INFO  o.e.m.c.i.embedder.EclipseLogger - Copying 0 resource
2018-09-17 22:52:37,303 [Worker-7] INFO  o.e.m.c.i.embedder.EclipseLogger - Copying 0 resource
2018-09-17 22:52:37,308 [Worker-7] INFO  o.e.m.c.i.embedder.EclipseLogger - Using 'UTF-8' encoding to copy filtered resources.
2018-09-17 22:52:37,308 [Worker-7] INFO  o.e.m.c.i.embedder.EclipseLogger - skip non existing resourceDirectory D:\microServices\limits-service\src\test\resources
2018-09-17 22:53:14,124 [Worker-13] INFO  o.e.m.c.i.l.LifecycleMappingFactory - Using org.eclipse.m2e.jdt.JarLifecycleMapping lifecycle mapping for MavenProject: com.in28minutes.ms:currency-calculation-service:0.0.1-SNAPSHOT @ D:\microServices\currency-calculation-service\pom.xml.
2018-09-17 22:53:16,508 [Worker-13] INFO  o.e.m.j.i.AbstractJavaProjectConfigurator - Adding source folder /currency-calculation-service/src/main/java
2018-09-17 22:53:16,508 [Worker-13] INFO  o.e.m.j.i.AbstractJavaProjectConfigurator - Adding resource folder /currency-calculation-service/src/main/resources
2018-09-17 22:53:16,513 [Worker-13] INFO  o.e.m.j.i.AbstractJavaProjectConfigurator - Adding resource folder /currency-calculation-service/src/main/resources
2018-09-17 22:53:16,513 [Worker-13] INFO  o.e.m.j.i.AbstractJavaProjectConfigurator - Adding source folder /currency-calculation-service/src/test/java
2018-09-17 22:53:16,897 [Worker-13] INFO  o.e.m.c.i.p.ProjectConfigurationManager - Imported and configured 1 project(s) in 3 sec
2018-09-17 22:53:19,159 [Worker-14] INFO  o.e.m.c.i.embedder.EclipseLogger - Using 'UTF-8' encoding to copy filtered resources.
2018-09-17 22:53:19,159 [Worker-14] INFO  o.e.m.c.i.embedder.EclipseLogger - Copying 1 resource
2018-09-17 22:53:19,159 [Worker-14] INFO  o.e.m.c.i.embedder.EclipseLogger - Copying 0 resource
2018-09-17 22:53:19,164 [Worker-14] INFO  o.e.m.c.i.embedder.EclipseLogger - Using 'UTF-8' encoding to copy filtered resources.
2018-09-17 22:53:19,164 [Worker-14] INFO  o.e.m.c.i.embedder.EclipseLogger - skip non existing resourceDirectory D:\microServices\currency-calculation-service\src\test\resources
2018-09-17 22:53:20,369 [Worker-11] INFO  o.e.m.c.i.embedder.EclipseLogger - Using 'UTF-8' encoding to copy filtered resources.
2018-09-17 22:53:20,369 [Worker-11] INFO  o.e.m.c.i.embedder.EclipseLogger - Copying 0 resource
2018-09-17 22:53:20,369 [Worker-11] INFO  o.e.m.c.i.embedder.EclipseLogger - Copying 0 resource
2018-09-17 22:53:20,374 [Worker-11] INFO  o.e.m.c.i.embedder.EclipseLogger - Using 'UTF-8' encoding to copy filtered resources.
2018-09-17 22:53:20,374 [Worker-11] INFO  o.e.m.c.i.embedder.EclipseLogger - skip non existing resourceDirectory D:\microServices\currency-calculation-service\src\test\resources
2018-09-17 22:54:33,433 [Worker-14] INFO  o.e.m.c.i.embedder.EclipseLogger - Using 'UTF-8' encoding to copy filtered resources.
2018-09-17 22:54:33,438 [Worker-14] INFO  o.e.m.c.i.embedder.EclipseLogger - Copying 1 resource
2018-09-17 22:54:33,438 [Worker-14] INFO  o.e.m.c.i.embedder.EclipseLogger - Copying 0 resource
2018-09-17 22:54:33,443 [Worker-14] INFO  o.e.m.c.i.embedder.EclipseLogger - Using 'UTF-8' encoding to copy filtered resources.
2018-09-17 22:54:33,443 [Worker-14] INFO  o.e.m.c.i.embedder.EclipseLogger - skip non existing resourceDirectory D:\microServices\currency-calculation-service\src\test\resources
2018-09-17 22:55:02,259 [Worker-12] INFO  o.e.m.c.i.embedder.EclipseLogger - Using 'UTF-8' encoding to copy filtered resources.
2018-09-17 22:55:02,259 [Worker-12] INFO  o.e.m.c.i.embedder.EclipseLogger - Copying 1 resource
2018-09-17 22:55:02,259 [Worker-12] INFO  o.e.m.c.i.embedder.EclipseLogger - Copying 0 resource
2018-09-17 22:55:02,259 [Worker-12] INFO  o.e.m.c.i.embedder.EclipseLogger - Using 'UTF-8' encoding to copy filtered resources.
2018-09-17 22:55:02,259 [Worker-12] INFO  o.e.m.c.i.embedder.EclipseLogger - skip non existing resourceDirectory D:\microServices\currency-calculation-service\src\test\resources
2018-09-17 22:55:46,221 [Worker-13] INFO  o.e.m.c.i.embedder.EclipseLogger - Using 'UTF-8' encoding to copy filtered resources.
2018-09-17 22:55:46,221 [Worker-13] INFO  o.e.m.c.i.embedder.EclipseLogger - Copying 1 resource
2018-09-17 22:55:46,221 [Worker-13] INFO  o.e.m.c.i.embedder.EclipseLogger - Copying 0 resource
2018-09-17 22:55:46,226 [Worker-13] INFO  o.e.m.c.i.embedder.EclipseLogger - Using 'UTF-8' encoding to copy filtered resources.
2018-09-17 22:55:46,226 [Worker-13] INFO  o.e.m.c.i.embedder.EclipseLogger - skip non existing resourceDirectory D:\microServices\currency-exchange-service\src\test\resources
2018-09-17 22:55:55,588 [Worker-16] INFO  o.e.m.c.i.embedder.EclipseLogger - Using 'UTF-8' encoding to copy filtered resources.
2018-09-17 22:55:55,588 [Worker-16] INFO  o.e.m.c.i.embedder.EclipseLogger - Copying 1 resource
2018-09-17 22:55:55,593 [Worker-16] INFO  o.e.m.c.i.embedder.EclipseLogger - Copying 0 resource
2018-09-17 22:55:55,593 [Worker-16] INFO  o.e.m.c.i.embedder.EclipseLogger - Using 'UTF-8' encoding to copy filtered resources.
2018-09-17 22:55:55,593 [Worker-16] INFO  o.e.m.c.i.embedder.EclipseLogger - skip non existing resourceDirectory D:\microServices\currency-exchange-service\src\test\resources
2018-09-17 22:57:05,500 [Worker-14] INFO  o.e.m.c.i.embedder.EclipseLogger - Using 'UTF-8' encoding to copy filtered resources.
2018-09-17 22:57:05,500 [Worker-14] INFO  o.e.m.c.i.embedder.EclipseLogger - Copying 1 resource
2018-09-17 22:57:05,500 [Worker-14] INFO  o.e.m.c.i.embedder.EclipseLogger - Copying 0 resource
2018-09-17 22:57:05,500 [Worker-14] INFO  o.e.m.c.i.embedder.EclipseLogger - Using 'UTF-8' encoding to copy filtered resources.
2018-09-17 22:57:05,500 [Worker-14] INFO  o.e.m.c.i.embedder.EclipseLogger - skip non existing resourceDirectory D:\microServices\currency-calculation-service\src\test\resources
2018-09-17 22:58:16,322 [Worker-12] INFO  o.e.m.c.i.embedder.EclipseLogger - Using 'UTF-8' encoding to copy filtered resources.
2018-09-17 22:58:16,322 [Worker-12] INFO  o.e.m.c.i.embedder.EclipseLogger - Copying 0 resource
2018-09-17 22:58:16,322 [Worker-12] INFO  o.e.m.c.i.embedder.EclipseLogger - Copying 0 resource
2018-09-17 22:58:16,327 [Worker-12] INFO  o.e.m.c.i.embedder.EclipseLogger - Using 'UTF-8' encoding to copy filtered resources.
2018-09-17 22:58:16,327 [Worker-12] INFO  o.e.m.c.i.embedder.EclipseLogger - skip non existing resourceDirectory D:\microServices\currency-calculation-service\src\test\resources
2018-09-17 22:58:16,337 [Worker-12] INFO  o.e.m.c.i.embedder.EclipseLogger - Using 'UTF-8' encoding to copy filtered resources.
2018-09-17 22:58:16,337 [Worker-12] INFO  o.e.m.c.i.embedder.EclipseLogger - Copying 0 resource
2018-09-17 22:58:16,337 [Worker-12] INFO  o.e.m.c.i.embedder.EclipseLogger - Copying 0 resource
2018-09-17 22:58:16,337 [Worker-12] INFO  o.e.m.c.i.embedder.EclipseLogger - Using 'UTF-8' encoding to copy filtered resources.
2018-09-17 22:58:16,337 [Worker-12] INFO  o.e.m.c.i.embedder.EclipseLogger - skip non existing resourceDirectory D:\microServices\currency-exchange-service\src\test\resources
2018-09-17 22:58:59,428 [Worker-13] INFO  o.e.m.c.i.embedder.EclipseLogger - Using 'UTF-8' encoding to copy filtered resources.
2018-09-17 22:58:59,433 [Worker-13] INFO  o.e.m.c.i.embedder.EclipseLogger - Copying 1 resource
2018-09-17 22:58:59,433 [Worker-13] INFO  o.e.m.c.i.embedder.EclipseLogger - Copying 0 resource
2018-09-17 22:58:59,433 [Worker-13] INFO  o.e.m.c.i.embedder.EclipseLogger - Using 'UTF-8' encoding to copy filtered resources.
2018-09-17 22:58:59,433 [Worker-13] INFO  o.e.m.c.i.embedder.EclipseLogger - skip non existing resourceDirectory D:\microServices\currency-exchange-service\src\test\resources
2018-09-17 22:59:19,689 [Worker-11] INFO  o.e.m.c.i.embedder.EclipseLogger - Using 'UTF-8' encoding to copy filtered resources.
2018-09-17 22:59:19,689 [Worker-11] INFO  o.e.m.c.i.embedder.EclipseLogger - Copying 1 resource
2018-09-17 22:59:19,689 [Worker-11] INFO  o.e.m.c.i.embedder.EclipseLogger - Copying 0 resource
2018-09-17 22:59:19,694 [Worker-11] INFO  o.e.m.c.i.embedder.EclipseLogger - Using 'UTF-8' encoding to copy filtered resources.
2018-09-17 22:59:19,694 [Worker-11] INFO  o.e.m.c.i.embedder.EclipseLogger - skip non existing resourceDirectory D:\microServices\currency-exchange-service\src\test\resources
2018-09-17 22:59:40,367 [Worker-17] INFO  o.e.m.c.i.embedder.EclipseLogger - Using 'UTF-8' encoding to copy filtered resources.
2018-09-17 22:59:40,367 [Worker-17] INFO  o.e.m.c.i.embedder.EclipseLogger - Copying 1 resource
2018-09-17 22:59:40,367 [Worker-17] INFO  o.e.m.c.i.embedder.EclipseLogger - Copying 0 resource
2018-09-17 22:59:40,367 [Worker-17] INFO  o.e.m.c.i.embedder.EclipseLogger - Using 'UTF-8' encoding to copy filtered resources.
2018-09-17 22:59:40,367 [Worker-17] INFO  o.e.m.c.i.embedder.EclipseLogger - skip non existing resourceDirectory D:\microServices\currency-exchange-service\src\test\resources
2018-09-17 23:01:22,495 [Worker-1] INFO  o.e.m.c.i.embedder.EclipseLogger - Using 'UTF-8' encoding to copy filtered resources.
2018-09-17 23:01:22,495 [Worker-1] INFO  o.e.m.c.i.embedder.EclipseLogger - Copying 1 resource
2018-09-17 23:01:22,495 [Worker-1] INFO  o.e.m.c.i.embedder.EclipseLogger - Copying 0 resource
2018-09-17 23:01:22,500 [Worker-1] INFO  o.e.m.c.i.embedder.EclipseLogger - Using 'UTF-8' encoding to copy filtered resources.
2018-09-17 23:01:22,500 [Worker-1] INFO  o.e.m.c.i.embedder.EclipseLogger - skip non existing resourceDirectory D:\microServices\currency-exchange-service\src\test\resources
2018-09-17 23:01:42,516 [Worker-14] INFO  o.e.m.c.i.embedder.EclipseLogger - Using 'UTF-8' encoding to copy filtered resources.
2018-09-17 23:01:42,516 [Worker-14] INFO  o.e.m.c.i.embedder.EclipseLogger - Copying 1 resource
2018-09-17 23:01:42,521 [Worker-14] INFO  o.e.m.c.i.embedder.EclipseLogger - Copying 0 resource
2018-09-17 23:01:42,523 [Worker-14] INFO  o.e.m.c.i.embedder.EclipseLogger - Using 'UTF-8' encoding to copy filtered resources.
2018-09-17 23:01:42,523 [Worker-14] INFO  o.e.m.c.i.embedder.EclipseLogger - skip non existing resourceDirectory D:\microServices\currency-exchange-service\src\test\resources
2018-09-17 23:02:21,748 [Worker-1] INFO  o.e.m.c.i.embedder.EclipseLogger - Using 'UTF-8' encoding to copy filtered resources.
2018-09-17 23:02:21,748 [Worker-1] INFO  o.e.m.c.i.embedder.EclipseLogger - Copying 1 resource
2018-09-17 23:02:21,752 [Worker-1] INFO  o.e.m.c.i.embedder.EclipseLogger - Copying 0 resource
2018-09-17 23:02:21,754 [Worker-1] INFO  o.e.m.c.i.embedder.EclipseLogger - Using 'UTF-8' encoding to copy filtered resources.
2018-09-17 23:02:21,754 [Worker-1] INFO  o.e.m.c.i.embedder.EclipseLogger - skip non existing resourceDirectory D:\microServices\currency-exchange-service\src\test\resources
2018-09-17 23:03:11,473 [Worker-7] INFO  o.e.m.c.i.embedder.EclipseLogger - Using 'UTF-8' encoding to copy filtered resources.
2018-09-17 23:03:11,473 [Worker-7] INFO  o.e.m.c.i.embedder.EclipseLogger - Copying 1 resource
2018-09-17 23:03:11,478 [Worker-7] INFO  o.e.m.c.i.embedder.EclipseLogger - Copying 0 resource
2018-09-17 23:03:11,478 [Worker-7] INFO  o.e.m.c.i.embedder.EclipseLogger - Using 'UTF-8' encoding to copy filtered resources.
2018-09-17 23:03:11,478 [Worker-7] INFO  o.e.m.c.i.embedder.EclipseLogger - skip non existing resourceDirectory D:\microServices\currency-exchange-service\src\test\resources
2018-09-17 23:03:36,498 [Worker-11] INFO  o.e.m.c.i.embedder.EclipseLogger - Using 'UTF-8' encoding to copy filtered resources.
2018-09-17 23:03:36,498 [Worker-11] INFO  o.e.m.c.i.embedder.EclipseLogger - Copying 1 resource
2018-09-17 23:03:36,503 [Worker-11] INFO  o.e.m.c.i.embedder.EclipseLogger - Copying 0 resource
2018-09-17 23:03:36,503 [Worker-11] INFO  o.e.m.c.i.embedder.EclipseLogger - Using 'UTF-8' encoding to copy filtered resources.
2018-09-17 23:03:36,503 [Worker-11] INFO  o.e.m.c.i.embedder.EclipseLogger - skip non existing resourceDirectory D:\microServices\currency-exchange-service\src\test\resources
2018-09-17 23:03:42,610 [Worker-15] INFO  o.e.m.c.i.embedder.EclipseLogger - Using 'UTF-8' encoding to copy filtered resources.
2018-09-17 23:03:42,610 [Worker-15] INFO  o.e.m.c.i.embedder.EclipseLogger - Copying 1 resource
2018-09-17 23:03:42,610 [Worker-15] INFO  o.e.m.c.i.embedder.EclipseLogger - Copying 0 resource
2018-09-17 23:03:42,615 [Worker-15] INFO  o.e.m.c.i.embedder.EclipseLogger - Using 'UTF-8' encoding to copy filtered resources.
2018-09-17 23:03:42,615 [Worker-15] INFO  o.e.m.c.i.embedder.EclipseLogger - skip non existing resourceDirectory D:\microServices\currency-exchange-service\src\test\resources
2018-09-17 23:04:35,764 [Worker-12] INFO  o.e.m.c.i.embedder.EclipseLogger - Using 'UTF-8' encoding to copy filtered resources.
2018-09-17 23:04:35,764 [Worker-12] INFO  o.e.m.c.i.embedder.EclipseLogger - Copying 1 resource
2018-09-17 23:04:35,764 [Worker-12] INFO  o.e.m.c.i.embedder.EclipseLogger - Copying 0 resource
2018-09-17 23:04:35,769 [Worker-12] INFO  o.e.m.c.i.embedder.EclipseLogger - Using 'UTF-8' encoding to copy filtered resources.
2018-09-17 23:04:35,769 [Worker-12] INFO  o.e.m.c.i.embedder.EclipseLogger - skip non existing resourceDirectory D:\microServices\currency-exchange-service\src\test\resources
2018-09-17 23:04:39,771 [Worker-7] INFO  o.e.m.c.i.embedder.EclipseLogger - Using 'UTF-8' encoding to copy filtered resources.
2018-09-17 23:04:39,771 [Worker-7] INFO  o.e.m.c.i.embedder.EclipseLogger - Copying 1 resource
2018-09-17 23:04:39,771 [Worker-7] INFO  o.e.m.c.i.embedder.EclipseLogger - Copying 0 resource
2018-09-17 23:04:39,776 [Worker-7] INFO  o.e.m.c.i.embedder.EclipseLogger - Using 'UTF-8' encoding to copy filtered resources.
2018-09-17 23:04:39,776 [Worker-7] INFO  o.e.m.c.i.embedder.EclipseLogger - skip non existing resourceDirectory D:\microServices\currency-exchange-service\src\test\resources
2018-09-17 23:05:35,515 [Worker-15] INFO  o.e.m.c.i.embedder.EclipseLogger - Using 'UTF-8' encoding to copy filtered resources.
2018-09-17 23:05:35,520 [Worker-15] INFO  o.e.m.c.i.embedder.EclipseLogger - Copying 1 resource
2018-09-17 23:05:35,520 [Worker-15] INFO  o.e.m.c.i.embedder.EclipseLogger - Copying 0 resource
2018-09-17 23:05:35,520 [Worker-15] INFO  o.e.m.c.i.embedder.EclipseLogger - Using 'UTF-8' encoding to copy filtered resources.
2018-09-17 23:05:35,520 [Worker-15] INFO  o.e.m.c.i.embedder.EclipseLogger - skip non existing resourceDirectory D:\microServices\currency-exchange-service\src\test\resources
2018-09-17 23:06:31,019 [Worker-11] INFO  o.e.m.c.i.embedder.EclipseLogger - Using 'UTF-8' encoding to copy filtered resources.
2018-09-17 23:06:31,019 [Worker-11] INFO  o.e.m.c.i.embedder.EclipseLogger - Copying 1 resource
2018-09-17 23:06:31,019 [Worker-11] INFO  o.e.m.c.i.embedder.EclipseLogger - Copying 0 resource
2018-09-17 23:06:31,024 [Worker-11] INFO  o.e.m.c.i.embedder.EclipseLogger - Using 'UTF-8' encoding to copy filtered resources.
2018-09-17 23:06:31,024 [Worker-11] INFO  o.e.m.c.i.embedder.EclipseLogger - skip non existing resourceDirectory D:\microServices\currency-exchange-service\src\test\resources
2018-09-17 23:06:55,473 [Worker-15] INFO  o.e.m.c.i.embedder.EclipseLogger - Using 'UTF-8' encoding to copy filtered resources.
2018-09-17 23:06:55,478 [Worker-15] INFO  o.e.m.c.i.embedder.EclipseLogger - Copying 1 resource
2018-09-17 23:06:55,478 [Worker-15] INFO  o.e.m.c.i.embedder.EclipseLogger - Copying 0 resource
2018-09-17 23:06:55,478 [Worker-15] INFO  o.e.m.c.i.embedder.EclipseLogger - Using 'UTF-8' encoding to copy filtered resources.
2018-09-17 23:06:55,478 [Worker-15] INFO  o.e.m.c.i.embedder.EclipseLogger - skip non existing resourceDirectory D:\microServices\currency-exchange-service\src\test\resources
2018-09-17 23:07:22,020 [Worker-12] INFO  o.e.m.c.i.embedder.EclipseLogger - Using 'UTF-8' encoding to copy filtered resources.
2018-09-17 23:07:22,020 [Worker-12] INFO  o.e.m.c.i.embedder.EclipseLogger - Copying 1 resource
2018-09-17 23:07:22,020 [Worker-12] INFO  o.e.m.c.i.embedder.EclipseLogger - Copying 0 resource
2018-09-17 23:07:22,020 [Worker-12] INFO  o.e.m.c.i.embedder.EclipseLogger - Using 'UTF-8' encoding to copy filtered resources.
2018-09-17 23:07:22,020 [Worker-12] INFO  o.e.m.c.i.embedder.EclipseLogger - skip non existing resourceDirectory D:\microServices\currency-exchange-service\src\test\resources
2018-09-17 23:07:35,143 [Worker-12] INFO  o.e.m.c.i.embedder.EclipseLogger - Using 'UTF-8' encoding to copy filtered resources.
2018-09-17 23:07:35,143 [Worker-12] INFO  o.e.m.c.i.embedder.EclipseLogger - Copying 1 resource
2018-09-17 23:07:35,143 [Worker-12] INFO  o.e.m.c.i.embedder.EclipseLogger - Copying 0 resource
2018-09-17 23:07:35,143 [Worker-12] INFO  o.e.m.c.i.embedder.EclipseLogger - Using 'UTF-8' encoding to copy filtered resources.
2018-09-17 23:07:35,143 [Worker-12] INFO  o.e.m.c.i.embedder.EclipseLogger - skip non existing resourceDirectory D:\microServices\currency-exchange-service\src\test\resources
2018-09-22 00:02:15,499 [Worker-29] INFO  o.e.m.c.i.embedder.EclipseLogger - Using 'UTF-8' encoding to copy filtered resources.
2018-09-22 00:02:15,524 [Worker-29] INFO  o.e.m.c.i.embedder.EclipseLogger - Copying 0 resource
2018-09-22 00:02:15,526 [Worker-29] INFO  o.e.m.c.i.embedder.EclipseLogger - Copying 1 resource
2018-09-22 00:02:15,601 [Worker-29] INFO  o.e.m.c.i.embedder.EclipseLogger - Using 'UTF-8' encoding to copy filtered resources.
2018-09-22 00:02:15,601 [Worker-29] INFO  o.e.m.c.i.embedder.EclipseLogger - skip non existing resourceDirectory D:\microServices\limits-service\src\test\resources
2018-09-22 00:02:23,899 [Worker-35] INFO  o.e.m.c.i.embedder.EclipseLogger - Using 'UTF-8' encoding to copy filtered resources.
2018-09-22 00:02:23,899 [Worker-35] INFO  o.e.m.c.i.embedder.EclipseLogger - Copying 1 resource
2018-09-22 00:02:23,911 [Worker-35] INFO  o.e.m.c.i.embedder.EclipseLogger - Copying 0 resource
2018-09-22 00:02:23,915 [Worker-35] INFO  o.e.m.c.i.embedder.EclipseLogger - Using 'UTF-8' encoding to copy filtered resources.
2018-09-22 00:02:23,915 [Worker-35] INFO  o.e.m.c.i.embedder.EclipseLogger - skip non existing resourceDirectory D:\microServices\currency-calculation-service\src\test\resources
2018-09-22 00:02:26,511 [Worker-35] INFO  o.e.m.c.i.embedder.EclipseLogger - Using 'UTF-8' encoding to copy filtered resources.
2018-09-22 00:02:26,511 [Worker-35] INFO  o.e.m.c.i.embedder.EclipseLogger - Copying 1 resource
2018-09-22 00:02:26,511 [Worker-35] INFO  o.e.m.c.i.embedder.EclipseLogger - Copying 0 resource
2018-09-22 00:02:26,517 [Worker-35] INFO  o.e.m.c.i.embedder.EclipseLogger - Using 'UTF-8' encoding to copy filtered resources.
2018-09-22 00:02:26,517 [Worker-35] INFO  o.e.m.c.i.embedder.EclipseLogger - skip non existing resourceDirectory D:\microServices\currency-exchange-service\src\test\resources
2018-09-22 00:02:30,393 [Worker-35] INFO  o.e.m.c.i.embedder.EclipseLogger - Using 'UTF-8' encoding to copy filtered resources.
2018-09-22 00:02:30,394 [Worker-35] INFO  o.e.m.c.i.embedder.EclipseLogger - Copying 1 resource
2018-09-22 00:02:30,396 [Worker-35] INFO  o.e.m.c.i.embedder.EclipseLogger - Copying 0 resource
2018-09-22 00:02:30,396 [Worker-35] INFO  o.e.m.c.i.embedder.EclipseLogger - Using 'UTF-8' encoding to copy filtered resources.
2018-09-22 00:02:30,396 [Worker-35] INFO  o.e.m.c.i.embedder.EclipseLogger - skip non existing resourceDirectory D:\microServices\spring-cloud-config-server\src\test\resources
2018-09-22 00:12:09,046 [Worker-41] INFO  o.e.m.c.i.embedder.EclipseLogger - Using 'UTF-8' encoding to copy filtered resources.
2018-09-22 00:12:09,051 [Worker-41] INFO  o.e.m.c.i.embedder.EclipseLogger - Copying 0 resource
2018-09-22 00:12:09,051 [Worker-41] INFO  o.e.m.c.i.embedder.EclipseLogger - Copying 1 resource
2018-09-22 00:12:09,060 [Worker-41] INFO  o.e.m.c.i.embedder.EclipseLogger - Using 'UTF-8' encoding to copy filtered resources.
2018-09-22 00:12:09,060 [Worker-41] INFO  o.e.m.c.i.embedder.EclipseLogger - skip non existing resourceDirectory D:\microServices\limits-service\src\test\resources
2018-09-22 00:14:31,946 [Worker-40] INFO  o.e.m.c.i.embedder.EclipseLogger - Using 'UTF-8' encoding to copy filtered resources.
2018-09-22 00:14:31,948 [Worker-40] INFO  o.e.m.c.i.embedder.EclipseLogger - Copying 1 resource
2018-09-22 00:14:31,949 [Worker-40] INFO  o.e.m.c.i.embedder.EclipseLogger - Copying 0 resource
2018-09-22 00:14:31,952 [Worker-40] INFO  o.e.m.c.i.embedder.EclipseLogger - Using 'UTF-8' encoding to copy filtered resources.
2018-09-22 00:14:31,952 [Worker-40] INFO  o.e.m.c.i.embedder.EclipseLogger - skip non existing resourceDirectory D:\microServices\spring-cloud-config-server\src\test\resources
2018-09-22 09:33:08,400 [Worker-4] INFO  o.e.m.c.i.embedder.EclipseLogger - Using 'UTF-8' encoding to copy filtered resources.
2018-09-22 09:33:08,431 [Worker-4] INFO  o.e.m.c.i.embedder.EclipseLogger - Copying 0 resource
2018-09-22 09:33:08,434 [Worker-4] INFO  o.e.m.c.i.embedder.EclipseLogger - Copying 1 resource
2018-09-22 09:33:08,470 [Worker-4] INFO  o.e.m.c.i.embedder.EclipseLogger - Using 'UTF-8' encoding to copy filtered resources.
2018-09-22 09:33:08,470 [Worker-4] INFO  o.e.m.c.i.embedder.EclipseLogger - skip non existing resourceDirectory D:\microServices\limits-service\src\test\resources
2018-09-22 09:34:33,480 [Worker-4] INFO  o.e.m.c.i.embedder.EclipseLogger - Using 'UTF-8' encoding to copy filtered resources.
2018-09-22 09:34:33,485 [Worker-4] INFO  o.e.m.c.i.embedder.EclipseLogger - Copying 0 resource
2018-09-22 09:34:33,485 [Worker-4] INFO  o.e.m.c.i.embedder.EclipseLogger - Copying 1 resource
2018-09-22 09:34:33,492 [Worker-4] INFO  o.e.m.c.i.embedder.EclipseLogger - Using 'UTF-8' encoding to copy filtered resources.
2018-09-22 09:34:33,492 [Worker-4] INFO  o.e.m.c.i.embedder.EclipseLogger - skip non existing resourceDirectory D:\microServices\limits-service\src\test\resources
2018-09-22 09:35:03,920 [Worker-10] INFO  o.e.m.c.i.embedder.EclipseLogger - Using 'UTF-8' encoding to copy filtered resources.
2018-09-22 09:35:03,921 [Worker-10] INFO  o.e.m.c.i.embedder.EclipseLogger - Copying 0 resource
2018-09-22 09:35:03,922 [Worker-10] INFO  o.e.m.c.i.embedder.EclipseLogger - Copying 1 resource
2018-09-22 09:35:03,925 [Worker-10] INFO  o.e.m.c.i.embedder.EclipseLogger - Using 'UTF-8' encoding to copy filtered resources.
2018-09-22 09:35:03,925 [Worker-10] INFO  o.e.m.c.i.embedder.EclipseLogger - skip non existing resourceDirectory D:\microServices\limits-service\src\test\resources
2018-09-22 09:40:51,550 [Worker-4] INFO  o.e.m.c.i.embedder.EclipseLogger - Using 'UTF-8' encoding to copy filtered resources.
2018-09-22 09:40:51,550 [Worker-4] INFO  o.e.m.c.i.embedder.EclipseLogger - Copying 0 resource
2018-09-22 09:40:51,550 [Worker-4] INFO  o.e.m.c.i.embedder.EclipseLogger - Copying 1 resource
2018-09-22 09:40:51,556 [Worker-4] INFO  o.e.m.c.i.embedder.EclipseLogger - Using 'UTF-8' encoding to copy filtered resources.
2018-09-22 09:40:51,556 [Worker-4] INFO  o.e.m.c.i.embedder.EclipseLogger - skip non existing resourceDirectory D:\microServices\limits-service\src\test\resources
2018-09-22 09:48:03,339 [Worker-4] INFO  o.e.m.c.i.embedder.EclipseLogger - Using 'UTF-8' encoding to copy filtered resources.
2018-09-22 09:48:03,339 [Worker-4] INFO  o.e.m.c.i.embedder.EclipseLogger - Copying 1 resource
2018-09-22 09:48:03,356 [Worker-4] INFO  o.e.m.c.i.embedder.EclipseLogger - Copying 0 resource
2018-09-22 09:48:03,357 [Worker-4] INFO  o.e.m.c.i.embedder.EclipseLogger - Using 'UTF-8' encoding to copy filtered resources.
2018-09-22 09:48:03,357 [Worker-4] INFO  o.e.m.c.i.embedder.EclipseLogger - skip non existing resourceDirectory D:\microServices\spring-cloud-config-server\src\test\resources
2018-09-22 10:00:30,181 [Worker-20] INFO  o.e.m.c.i.embedder.EclipseLogger - Using 'UTF-8' encoding to copy filtered resources.
2018-09-22 10:00:30,182 [Worker-20] INFO  o.e.m.c.i.embedder.EclipseLogger - Copying 0 resource
2018-09-22 10:00:30,182 [Worker-20] INFO  o.e.m.c.i.embedder.EclipseLogger - Copying 1 resource
2018-09-22 10:00:30,185 [Worker-20] INFO  o.e.m.c.i.embedder.EclipseLogger - Using 'UTF-8' encoding to copy filtered resources.
2018-09-22 10:00:30,185 [Worker-20] INFO  o.e.m.c.i.embedder.EclipseLogger - skip non existing resourceDirectory D:\microServices\limits-service\src\test\resources
2018-09-22 10:00:46,166 [Worker-17] INFO  o.e.m.c.i.embedder.EclipseLogger - Using 'UTF-8' encoding to copy filtered resources.
2018-09-22 10:00:46,167 [Worker-17] INFO  o.e.m.c.i.embedder.EclipseLogger - Copying 0 resource
2018-09-22 10:00:46,167 [Worker-17] INFO  o.e.m.c.i.embedder.EclipseLogger - Copying 1 resource
2018-09-22 10:00:46,176 [Worker-17] INFO  o.e.m.c.i.embedder.EclipseLogger - Using 'UTF-8' encoding to copy filtered resources.
2018-09-22 10:00:46,176 [Worker-17] INFO  o.e.m.c.i.embedder.EclipseLogger - skip non existing resourceDirectory D:\microServices\limits-service\src\test\resources
2018-09-22 10:01:38,500 [Worker-17] INFO  o.e.m.c.i.embedder.EclipseLogger - Using 'UTF-8' encoding to copy filtered resources.
2018-09-22 10:01:38,501 [Worker-17] INFO  o.e.m.c.i.embedder.EclipseLogger - Copying 0 resource
2018-09-22 10:01:38,501 [Worker-17] INFO  o.e.m.c.i.embedder.EclipseLogger - Copying 1 resource
2018-09-22 10:01:38,510 [Worker-17] INFO  o.e.m.c.i.embedder.EclipseLogger - Using 'UTF-8' encoding to copy filtered resources.
2018-09-22 10:01:38,511 [Worker-17] INFO  o.e.m.c.i.embedder.EclipseLogger - skip non existing resourceDirectory D:\microServices\limits-service\src\test\resources
2018-09-22 10:17:08,673 [Worker-29] INFO  o.e.m.c.i.embedder.EclipseLogger - Using 'UTF-8' encoding to copy filtered resources.
2018-09-22 10:17:08,676 [Worker-29] INFO  o.e.m.c.i.embedder.EclipseLogger - Copying 1 resource
2018-09-22 10:17:08,678 [Worker-29] INFO  o.e.m.c.i.embedder.EclipseLogger - Copying 0 resource
2018-09-22 10:17:08,680 [Worker-29] INFO  o.e.m.c.i.embedder.EclipseLogger - Using 'UTF-8' encoding to copy filtered resources.
2018-09-22 10:17:08,681 [Worker-29] INFO  o.e.m.c.i.embedder.EclipseLogger - skip non existing resourceDirectory D:\microServices\spring-cloud-config-server\src\test\resources
2018-09-22 23:36:01,032 [Worker-101] INFO  o.e.m.c.i.embedder.EclipseLogger - Using 'UTF-8' encoding to copy filtered resources.
2018-09-22 23:36:01,033 [Worker-101] INFO  o.e.m.c.i.embedder.EclipseLogger - Copying 1 resource
2018-09-22 23:36:01,035 [Worker-101] INFO  o.e.m.c.i.embedder.EclipseLogger - Copying 0 resource
2018-09-22 23:36:01,037 [Worker-101] INFO  o.e.m.c.i.embedder.EclipseLogger - Using 'UTF-8' encoding to copy filtered resources.
2018-09-22 23:36:01,037 [Worker-101] INFO  o.e.m.c.i.embedder.EclipseLogger - skip non existing resourceDirectory D:\microServices\currency-exchange-service\src\test\resources
2018-09-22 23:36:26,739 [Worker-102] INFO  o.e.m.c.i.embedder.EclipseLogger - Using 'UTF-8' encoding to copy filtered resources.
2018-09-22 23:36:26,740 [Worker-102] INFO  o.e.m.c.i.embedder.EclipseLogger - Copying 1 resource
2018-09-22 23:36:26,742 [Worker-102] INFO  o.e.m.c.i.embedder.EclipseLogger - Copying 0 resource
2018-09-22 23:36:26,745 [Worker-102] INFO  o.e.m.c.i.embedder.EclipseLogger - Using 'UTF-8' encoding to copy filtered resources.
2018-09-22 23:36:26,745 [Worker-102] INFO  o.e.m.c.i.embedder.EclipseLogger - skip non existing resourceDirectory D:\microServices\currency-exchange-service\src\test\resources
2018-09-22 23:37:01,026 [Worker-102] INFO  o.e.m.c.i.embedder.EclipseLogger - Using 'UTF-8' encoding to copy filtered resources.
2018-09-22 23:37:01,026 [Worker-102] INFO  o.e.m.c.i.embedder.EclipseLogger - Copying 1 resource
2018-09-22 23:37:01,026 [Worker-102] INFO  o.e.m.c.i.embedder.EclipseLogger - Copying 0 resource
2018-09-22 23:37:01,030 [Worker-102] INFO  o.e.m.c.i.embedder.EclipseLogger - Using 'UTF-8' encoding to copy filtered resources.
2018-09-22 23:37:01,030 [Worker-102] INFO  o.e.m.c.i.embedder.EclipseLogger - skip non existing resourceDirectory D:\microServices\currency-exchange-service\src\test\resources
2018-09-22 23:37:31,220 [Worker-101] INFO  o.e.m.c.i.embedder.EclipseLogger - Using 'UTF-8' encoding to copy filtered resources.
2018-09-22 23:37:31,221 [Worker-101] INFO  o.e.m.c.i.embedder.EclipseLogger - Copying 1 resource
2018-09-22 23:37:31,222 [Worker-101] INFO  o.e.m.c.i.embedder.EclipseLogger - Copying 0 resource
2018-09-22 23:37:31,223 [Worker-101] INFO  o.e.m.c.i.embedder.EclipseLogger - Using 'UTF-8' encoding to copy filtered resources.
2018-09-22 23:37:31,224 [Worker-101] INFO  o.e.m.c.i.embedder.EclipseLogger - skip non existing resourceDirectory D:\microServices\currency-exchange-service\src\test\resources
2018-09-22 23:37:54,367 [Worker-100] INFO  o.e.m.c.i.embedder.EclipseLogger - Using 'UTF-8' encoding to copy filtered resources.
2018-09-22 23:37:54,367 [Worker-100] INFO  o.e.m.c.i.embedder.EclipseLogger - Copying 1 resource
2018-09-22 23:37:54,372 [Worker-100] INFO  o.e.m.c.i.embedder.EclipseLogger - Copying 0 resource
2018-09-22 23:37:54,372 [Worker-100] INFO  o.e.m.c.i.embedder.EclipseLogger - Using 'UTF-8' encoding to copy filtered resources.
2018-09-22 23:37:54,372 [Worker-100] INFO  o.e.m.c.i.embedder.EclipseLogger - skip non existing resourceDirectory D:\microServices\currency-exchange-service\src\test\resources
2018-09-22 23:38:28,551 [Worker-104] INFO  o.e.m.c.i.embedder.EclipseLogger - Using 'UTF-8' encoding to copy filtered resources.
2018-09-22 23:38:28,552 [Worker-104] INFO  o.e.m.c.i.embedder.EclipseLogger - Copying 1 resource
2018-09-22 23:38:28,553 [Worker-104] INFO  o.e.m.c.i.embedder.EclipseLogger - Copying 0 resource
2018-09-22 23:38:28,555 [Worker-104] INFO  o.e.m.c.i.embedder.EclipseLogger - Using 'UTF-8' encoding to copy filtered resources.
2018-09-22 23:38:28,555 [Worker-104] INFO  o.e.m.c.i.embedder.EclipseLogger - skip non existing resourceDirectory D:\microServices\currency-exchange-service\src\test\resources
2018-09-22 23:38:31,062 [Worker-99] INFO  o.e.m.c.i.embedder.EclipseLogger - Using 'UTF-8' encoding to copy filtered resources.
2018-09-22 23:38:31,065 [Worker-99] INFO  o.e.m.c.i.embedder.EclipseLogger - Copying 1 resource
2018-09-22 23:38:31,065 [Worker-99] INFO  o.e.m.c.i.embedder.EclipseLogger - Copying 0 resource
2018-09-22 23:38:31,067 [Worker-99] INFO  o.e.m.c.i.embedder.EclipseLogger - Using 'UTF-8' encoding to copy filtered resources.
2018-09-22 23:38:31,067 [Worker-99] INFO  o.e.m.c.i.embedder.EclipseLogger - skip non existing resourceDirectory D:\microServices\currency-exchange-service\src\test\resources
2018-09-22 23:39:41,344 [Worker-99] INFO  o.e.m.c.i.embedder.EclipseLogger - Using 'UTF-8' encoding to copy filtered resources.
2018-09-22 23:39:41,345 [Worker-99] INFO  o.e.m.c.i.embedder.EclipseLogger - Copying 1 resource
2018-09-22 23:39:41,346 [Worker-99] INFO  o.e.m.c.i.embedder.EclipseLogger - Copying 0 resource
2018-09-22 23:39:41,347 [Worker-99] INFO  o.e.m.c.i.embedder.EclipseLogger - Using 'UTF-8' encoding to copy filtered resources.
2018-09-22 23:39:41,348 [Worker-99] INFO  o.e.m.c.i.embedder.EclipseLogger - skip non existing resourceDirectory D:\microServices\currency-exchange-service\src\test\resources
2018-09-22 23:39:44,278 [Worker-104] INFO  o.e.m.c.i.embedder.EclipseLogger - Using 'UTF-8' encoding to copy filtered resources.
2018-09-22 23:39:44,278 [Worker-104] INFO  o.e.m.c.i.embedder.EclipseLogger - Copying 1 resource
2018-09-22 23:39:44,278 [Worker-104] INFO  o.e.m.c.i.embedder.EclipseLogger - Copying 0 resource
2018-09-22 23:39:44,283 [Worker-104] INFO  o.e.m.c.i.embedder.EclipseLogger - Using 'UTF-8' encoding to copy filtered resources.
2018-09-22 23:39:44,283 [Worker-104] INFO  o.e.m.c.i.embedder.EclipseLogger - skip non existing resourceDirectory D:\microServices\currency-exchange-service\src\test\resources
2018-09-22 23:39:47,561 [Worker-104] INFO  o.e.m.c.i.embedder.EclipseLogger - Using 'UTF-8' encoding to copy filtered resources.
2018-09-22 23:39:47,561 [Worker-104] INFO  o.e.m.c.i.embedder.EclipseLogger - Copying 1 resource
2018-09-22 23:39:47,563 [Worker-104] INFO  o.e.m.c.i.embedder.EclipseLogger - Copying 0 resource
2018-09-22 23:39:47,566 [Worker-104] INFO  o.e.m.c.i.embedder.EclipseLogger - Using 'UTF-8' encoding to copy filtered resources.
2018-09-22 23:39:47,566 [Worker-104] INFO  o.e.m.c.i.embedder.EclipseLogger - skip non existing resourceDirectory D:\microServices\currency-exchange-service\src\test\resources
2018-09-22 23:40:22,219 [Worker-104] INFO  o.e.m.c.i.embedder.EclipseLogger - Using 'UTF-8' encoding to copy filtered resources.
2018-09-22 23:40:22,219 [Worker-104] INFO  o.e.m.c.i.embedder.EclipseLogger - Copying 1 resource
2018-09-22 23:40:22,225 [Worker-104] INFO  o.e.m.c.i.embedder.EclipseLogger - Copying 0 resource
2018-09-22 23:40:22,225 [Worker-104] INFO  o.e.m.c.i.embedder.EclipseLogger - Using 'UTF-8' encoding to copy filtered resources.
2018-09-22 23:40:22,225 [Worker-104] INFO  o.e.m.c.i.embedder.EclipseLogger - skip non existing resourceDirectory D:\microServices\currency-exchange-service\src\test\resources
